mode: set
github.com/atlasgurus/rulestone/cateng/builder.go:22.58,23.15 1 1
github.com/atlasgurus/rulestone/cateng/builder.go:23.15,24.12 1 0
github.com/atlasgurus/rulestone/cateng/builder.go:28.2,28.20 1 1
github.com/atlasgurus/rulestone/cateng/builder.go:28.20,31.3 2 1
github.com/atlasgurus/rulestone/cateng/builder.go:34.2,34.20 1 1
github.com/atlasgurus/rulestone/cateng/builder.go:34.20,38.3 3 0
github.com/atlasgurus/rulestone/cateng/builder.go:41.2,44.17 4 1
github.com/atlasgurus/rulestone/cateng/builder.go:53.71,54.31 1 1
github.com/atlasgurus/rulestone/cateng/builder.go:54.31,55.35 1 1
github.com/atlasgurus/rulestone/cateng/builder.go:55.35,57.4 1 1
github.com/atlasgurus/rulestone/cateng/builder.go:57.9,59.4 1 1
github.com/atlasgurus/rulestone/cateng/builder.go:60.8,62.35 2 1
github.com/atlasgurus/rulestone/cateng/builder.go:62.35,64.4 1 1
github.com/atlasgurus/rulestone/cateng/builder.go:64.9,66.4 1 1
github.com/atlasgurus/rulestone/cateng/builder.go:70.78,71.31 1 1
github.com/atlasgurus/rulestone/cateng/builder.go:71.31,73.3 1 1
github.com/atlasgurus/rulestone/cateng/builder.go:73.8,76.3 2 1
github.com/atlasgurus/rulestone/cateng/builder.go:139.75,141.9 2 1
github.com/atlasgurus/rulestone/cateng/builder.go:141.9,145.3 3 1
github.com/atlasgurus/rulestone/cateng/builder.go:146.2,146.15 1 1
github.com/atlasgurus/rulestone/cateng/builder.go:149.81,151.9 2 1
github.com/atlasgurus/rulestone/cateng/builder.go:151.9,154.3 2 1
github.com/atlasgurus/rulestone/cateng/builder.go:155.2,155.15 1 1
github.com/atlasgurus/rulestone/cateng/builder.go:158.89,159.23 1 1
github.com/atlasgurus/rulestone/cateng/builder.go:159.23,161.10 2 1
github.com/atlasgurus/rulestone/cateng/builder.go:161.10,162.30 1 0
github.com/atlasgurus/rulestone/cateng/builder.go:164.3,174.14 5 1
github.com/atlasgurus/rulestone/cateng/builder.go:176.2,176.14 1 1
github.com/atlasgurus/rulestone/cateng/builder.go:179.66,181.9 2 1
github.com/atlasgurus/rulestone/cateng/builder.go:181.9,182.29 1 0
github.com/atlasgurus/rulestone/cateng/builder.go:184.2,185.26 2 1
github.com/atlasgurus/rulestone/cateng/builder.go:188.77,193.2 3 0
github.com/atlasgurus/rulestone/cateng/builder.go:195.86,196.31 1 0
github.com/atlasgurus/rulestone/cateng/builder.go:196.31,198.3 1 0
github.com/atlasgurus/rulestone/cateng/builder.go:201.64,202.21 1 0
github.com/atlasgurus/rulestone/cateng/builder.go:203.34,204.59 1 0
github.com/atlasgurus/rulestone/cateng/builder.go:205.10,207.37 2 0
github.com/atlasgurus/rulestone/cateng/builder.go:207.37,209.4 1 0
github.com/atlasgurus/rulestone/cateng/builder.go:210.3,210.16 1 0
github.com/atlasgurus/rulestone/cateng/builder.go:214.71,216.32 2 1
github.com/atlasgurus/rulestone/cateng/builder.go:216.32,218.3 1 1
github.com/atlasgurus/rulestone/cateng/builder.go:221.68,224.29 3 1
github.com/atlasgurus/rulestone/cateng/builder.go:224.29,227.3 2 1
github.com/atlasgurus/rulestone/cateng/builder.go:228.2,228.15 1 1
github.com/atlasgurus/rulestone/cateng/builder.go:231.79,232.24 1 1
github.com/atlasgurus/rulestone/cateng/builder.go:233.34,240.40 4 1
github.com/atlasgurus/rulestone/cateng/builder.go:241.29,242.31 1 1
github.com/atlasgurus/rulestone/cateng/builder.go:243.28,244.30 1 1
github.com/atlasgurus/rulestone/cateng/builder.go:245.29,246.48 1 1
github.com/atlasgurus/rulestone/cateng/builder.go:248.2,248.20 1 0
github.com/atlasgurus/rulestone/cateng/builder.go:251.101,256.2 3 1
github.com/atlasgurus/rulestone/cateng/builder.go:258.75,259.33 1 1
github.com/atlasgurus/rulestone/cateng/builder.go:259.33,262.3 2 1
github.com/atlasgurus/rulestone/cateng/builder.go:262.8,264.3 1 0
github.com/atlasgurus/rulestone/cateng/builder.go:267.74,268.33 1 1
github.com/atlasgurus/rulestone/cateng/builder.go:268.33,271.3 2 1
github.com/atlasgurus/rulestone/cateng/builder.go:271.8,273.3 1 0
github.com/atlasgurus/rulestone/cateng/builder.go:276.75,277.24 1 1
github.com/atlasgurus/rulestone/cateng/builder.go:278.34,280.14 2 1
github.com/atlasgurus/rulestone/cateng/builder.go:280.14,281.35 1 0
github.com/atlasgurus/rulestone/cateng/builder.go:284.3,285.64 2 1
github.com/atlasgurus/rulestone/cateng/builder.go:286.29,289.88 1 0
github.com/atlasgurus/rulestone/cateng/builder.go:289.88,291.6 1 0
github.com/atlasgurus/rulestone/cateng/builder.go:292.28,295.88 1 0
github.com/atlasgurus/rulestone/cateng/builder.go:295.88,297.6 1 0
github.com/atlasgurus/rulestone/cateng/builder.go:298.29,299.35 1 0
github.com/atlasgurus/rulestone/cateng/builder.go:300.10,301.37 1 0
github.com/atlasgurus/rulestone/cateng/builder.go:305.73,307.24 2 1
github.com/atlasgurus/rulestone/cateng/builder.go:307.24,314.3 5 0
github.com/atlasgurus/rulestone/cateng/builder.go:314.8,316.3 1 1
github.com/atlasgurus/rulestone/cateng/builder.go:319.72,322.22 3 1
github.com/atlasgurus/rulestone/cateng/builder.go:322.22,324.3 1 0
github.com/atlasgurus/rulestone/cateng/builder.go:324.8,324.29 1 1
github.com/atlasgurus/rulestone/cateng/builder.go:324.29,326.3 1 0
github.com/atlasgurus/rulestone/cateng/builder.go:326.8,326.49 1 1
github.com/atlasgurus/rulestone/cateng/builder.go:326.49,329.3 2 1
github.com/atlasgurus/rulestone/cateng/builder.go:329.8,336.3 4 1
github.com/atlasgurus/rulestone/cateng/builder.go:339.82,340.20 1 1
github.com/atlasgurus/rulestone/cateng/builder.go:340.20,342.3 1 1
github.com/atlasgurus/rulestone/cateng/builder.go:343.2,348.16 3 1
github.com/atlasgurus/rulestone/cateng/builder.go:351.37,352.48 1 1
github.com/atlasgurus/rulestone/cateng/builder.go:352.48,353.7 1 1
github.com/atlasgurus/rulestone/cateng/builder.go:353.7,355.24 2 1
github.com/atlasgurus/rulestone/cateng/builder.go:355.24,356.10 1 1
github.com/atlasgurus/rulestone/cateng/builder.go:358.4,358.43 1 1
github.com/atlasgurus/rulestone/cateng/builder.go:360.3,360.25 1 1
github.com/atlasgurus/rulestone/cateng/builder.go:360.25,362.4 1 1
github.com/atlasgurus/rulestone/cateng/builder.go:364.2,364.49 1 1
github.com/atlasgurus/rulestone/cateng/builder.go:364.49,365.7 1 1
github.com/atlasgurus/rulestone/cateng/builder.go:365.7,367.24 2 1
github.com/atlasgurus/rulestone/cateng/builder.go:367.24,368.10 1 1
github.com/atlasgurus/rulestone/cateng/builder.go:370.4,370.44 1 1
github.com/atlasgurus/rulestone/cateng/builder.go:372.3,372.25 1 1
github.com/atlasgurus/rulestone/cateng/builder.go:372.25,374.4 1 1
github.com/atlasgurus/rulestone/cateng/builder.go:376.2,377.24 2 1
github.com/atlasgurus/rulestone/cateng/builder.go:377.24,379.3 1 1
github.com/atlasgurus/rulestone/cateng/builder.go:380.2,381.24 2 1
github.com/atlasgurus/rulestone/cateng/builder.go:381.24,383.3 1 1
github.com/atlasgurus/rulestone/cateng/builder.go:385.2,385.26 1 1
github.com/atlasgurus/rulestone/cateng/builder.go:385.26,387.3 1 1
github.com/atlasgurus/rulestone/cateng/builder.go:388.2,388.24 1 1
github.com/atlasgurus/rulestone/cateng/builder.go:388.24,390.3 1 1
github.com/atlasgurus/rulestone/cateng/builder.go:403.48,407.39 3 1
github.com/atlasgurus/rulestone/cateng/builder.go:407.39,408.17 1 1
github.com/atlasgurus/rulestone/cateng/builder.go:408.17,410.71 2 1
github.com/atlasgurus/rulestone/cateng/builder.go:410.71,414.33 3 1
github.com/atlasgurus/rulestone/cateng/builder.go:414.33,417.32 1 1
github.com/atlasgurus/rulestone/cateng/builder.go:417.32,420.79 3 1
github.com/atlasgurus/rulestone/cateng/builder.go:420.79,425.8 4 1
github.com/atlasgurus/rulestone/cateng/builder.go:426.7,426.12 1 1
github.com/atlasgurus/rulestone/cateng/builder.go:430.5,430.69 1 1
github.com/atlasgurus/rulestone/cateng/builder.go:432.4,432.93 1 1
github.com/atlasgurus/rulestone/cateng/builder.go:435.2,435.27 1 1
github.com/atlasgurus/rulestone/cateng/builder.go:438.87,440.39 2 1
github.com/atlasgurus/rulestone/cateng/builder.go:440.39,441.17 1 1
github.com/atlasgurus/rulestone/cateng/builder.go:441.17,442.71 1 1
github.com/atlasgurus/rulestone/cateng/builder.go:442.71,443.35 1 1
github.com/atlasgurus/rulestone/cateng/builder.go:443.35,444.15 1 1
github.com/atlasgurus/rulestone/cateng/builder.go:444.15,447.7 2 1
github.com/atlasgurus/rulestone/cateng/builder.go:452.2,452.15 1 1
github.com/atlasgurus/rulestone/cateng/builder.go:455.44,458.39 2 1
github.com/atlasgurus/rulestone/cateng/builder.go:458.39,459.17 1 1
github.com/atlasgurus/rulestone/cateng/builder.go:459.17,463.4 3 1
github.com/atlasgurus/rulestone/cateng/builder.go:467.40,470.44 2 1
github.com/atlasgurus/rulestone/cateng/builder.go:470.44,471.42 1 1
github.com/atlasgurus/rulestone/cateng/builder.go:471.42,473.17 2 1
github.com/atlasgurus/rulestone/cateng/builder.go:473.17,476.5 2 1
github.com/atlasgurus/rulestone/cateng/builder.go:481.41,484.39 2 1
github.com/atlasgurus/rulestone/cateng/builder.go:484.39,485.17 1 1
github.com/atlasgurus/rulestone/cateng/builder.go:485.17,488.56 3 1
github.com/atlasgurus/rulestone/cateng/builder.go:488.56,490.5 1 1
github.com/atlasgurus/rulestone/cateng/builder.go:491.4,491.73 1 1
github.com/atlasgurus/rulestone/cateng/builder.go:496.127,499.26 3 1
github.com/atlasgurus/rulestone/cateng/builder.go:499.26,500.33 1 1
github.com/atlasgurus/rulestone/cateng/builder.go:500.33,504.4 3 1
github.com/atlasgurus/rulestone/cateng/builder.go:506.2,506.43 1 1
github.com/atlasgurus/rulestone/cateng/builder.go:506.43,508.3 1 1
github.com/atlasgurus/rulestone/cateng/builder.go:509.2,509.17 1 1
github.com/atlasgurus/rulestone/cateng/builder.go:522.49,526.39 3 1
github.com/atlasgurus/rulestone/cateng/builder.go:526.39,527.17 1 1
github.com/atlasgurus/rulestone/cateng/builder.go:527.17,532.30 3 1
github.com/atlasgurus/rulestone/cateng/builder.go:532.30,535.34 1 1
github.com/atlasgurus/rulestone/cateng/builder.go:535.34,538.78 3 1
github.com/atlasgurus/rulestone/cateng/builder.go:538.78,543.7 4 1
github.com/atlasgurus/rulestone/cateng/builder.go:544.6,544.11 1 1
github.com/atlasgurus/rulestone/cateng/builder.go:548.4,548.100 1 1
github.com/atlasgurus/rulestone/cateng/builder.go:552.2,552.27 1 1
github.com/atlasgurus/rulestone/cateng/builder.go:555.125,558.32 3 1
github.com/atlasgurus/rulestone/cateng/builder.go:558.32,559.40 1 1
github.com/atlasgurus/rulestone/cateng/builder.go:559.40,564.4 4 1
github.com/atlasgurus/rulestone/cateng/builder.go:567.2,567.41 1 1
github.com/atlasgurus/rulestone/cateng/builder.go:567.41,568.39 1 1
github.com/atlasgurus/rulestone/cateng/builder.go:568.39,571.4 1 1
github.com/atlasgurus/rulestone/cateng/builder.go:571.9,573.4 1 1
github.com/atlasgurus/rulestone/cateng/builder.go:575.2,575.15 1 1
github.com/atlasgurus/rulestone/cateng/builder.go:578.95,580.39 2 1
github.com/atlasgurus/rulestone/cateng/builder.go:580.39,581.17 1 1
github.com/atlasgurus/rulestone/cateng/builder.go:581.17,582.71 1 1
github.com/atlasgurus/rulestone/cateng/builder.go:582.71,584.29 2 1
github.com/atlasgurus/rulestone/cateng/builder.go:584.29,585.41 1 1
github.com/atlasgurus/rulestone/cateng/builder.go:585.41,590.7 4 1
github.com/atlasgurus/rulestone/cateng/builder.go:595.2,595.15 1 1
github.com/atlasgurus/rulestone/cateng/builder.go:598.111,600.39 2 1
github.com/atlasgurus/rulestone/cateng/builder.go:600.39,601.17 1 1
github.com/atlasgurus/rulestone/cateng/builder.go:601.17,603.30 2 1
github.com/atlasgurus/rulestone/cateng/builder.go:603.30,604.42 1 1
github.com/atlasgurus/rulestone/cateng/builder.go:604.42,609.6 4 1
github.com/atlasgurus/rulestone/cateng/builder.go:613.2,613.15 1 1
github.com/atlasgurus/rulestone/cateng/builder.go:616.59,620.39 1 1
github.com/atlasgurus/rulestone/cateng/builder.go:620.39,621.19 1 1
github.com/atlasgurus/rulestone/cateng/builder.go:621.19,623.6 1 1
github.com/atlasgurus/rulestone/cateng/builder.go:623.11,628.6 1 1
github.com/atlasgurus/rulestone/cateng/builder.go:631.2,636.30 5 1
github.com/atlasgurus/rulestone/cateng/builder.go:636.30,639.3 2 1
github.com/atlasgurus/rulestone/cateng/builder.go:641.2,641.15 1 1
github.com/atlasgurus/rulestone/cateng/builder.go:644.63,647.77 2 1
github.com/atlasgurus/rulestone/cateng/builder.go:647.77,653.14 2 1
github.com/atlasgurus/rulestone/cateng/builder.go:653.14,657.4 3 1
github.com/atlasgurus/rulestone/cateng/builder.go:657.9,659.4 1 1
github.com/atlasgurus/rulestone/cateng/builder.go:662.2,662.39 1 1
github.com/atlasgurus/rulestone/cateng/builder.go:662.39,663.17 1 1
github.com/atlasgurus/rulestone/cateng/builder.go:663.17,666.23 3 1
github.com/atlasgurus/rulestone/cateng/builder.go:666.23,668.38 2 1
github.com/atlasgurus/rulestone/cateng/builder.go:668.38,669.41 1 1
github.com/atlasgurus/rulestone/cateng/builder.go:669.41,671.7 1 1
github.com/atlasgurus/rulestone/cateng/builder.go:672.6,672.19 1 1
github.com/atlasgurus/rulestone/cateng/builder.go:674.5,674.39 1 1
github.com/atlasgurus/rulestone/cateng/builder.go:674.39,676.6 1 1
github.com/atlasgurus/rulestone/cateng/builder.go:680.2,680.16 1 1
github.com/atlasgurus/rulestone/cateng/builder.go:685.66,687.38 2 1
github.com/atlasgurus/rulestone/cateng/builder.go:687.38,689.14 2 1
github.com/atlasgurus/rulestone/cateng/builder.go:689.14,696.28 3 1
github.com/atlasgurus/rulestone/cateng/builder.go:696.28,700.18 3 1
github.com/atlasgurus/rulestone/cateng/builder.go:700.18,703.6 2 1
github.com/atlasgurus/rulestone/cateng/builder.go:706.3,706.35 1 1
github.com/atlasgurus/rulestone/cateng/builder.go:708.2,708.15 1 1
github.com/atlasgurus/rulestone/cateng/builder.go:713.81,715.54 2 1
github.com/atlasgurus/rulestone/cateng/builder.go:715.54,717.20 2 1
github.com/atlasgurus/rulestone/cateng/builder.go:717.20,719.15 2 1
github.com/atlasgurus/rulestone/cateng/builder.go:719.15,727.33 2 1
github.com/atlasgurus/rulestone/cateng/builder.go:727.33,729.25 2 1
github.com/atlasgurus/rulestone/cateng/builder.go:729.25,733.7 3 0
github.com/atlasgurus/rulestone/cateng/builder.go:737.3,737.35 1 1
github.com/atlasgurus/rulestone/cateng/builder.go:739.2,739.15 1 1
github.com/atlasgurus/rulestone/cateng/builder.go:742.81,744.95 2 1
github.com/atlasgurus/rulestone/cateng/builder.go:744.95,746.3 1 1
github.com/atlasgurus/rulestone/cateng/builder.go:747.2,747.31 1 1
github.com/atlasgurus/rulestone/cateng/category_engine.go:23.84,28.20 4 1
github.com/atlasgurus/rulestone/cateng/category_engine.go:28.20,30.3 1 1
github.com/atlasgurus/rulestone/cateng/category_engine.go:30.8,32.3 1 1
github.com/atlasgurus/rulestone/cateng/category_engine.go:33.2,33.16 1 1
github.com/atlasgurus/rulestone/cateng/category_engine.go:36.126,37.30 1 1
github.com/atlasgurus/rulestone/cateng/category_engine.go:37.30,40.14 3 1
github.com/atlasgurus/rulestone/cateng/category_engine.go:40.14,44.18 4 1
github.com/atlasgurus/rulestone/cateng/category_engine.go:44.18,51.42 3 1
github.com/atlasgurus/rulestone/cateng/category_engine.go:51.42,53.6 1 1
github.com/atlasgurus/rulestone/cateng/category_engine.go:54.5,54.46 1 1
github.com/atlasgurus/rulestone/cateng/category_engine.go:54.46,56.6 1 1
github.com/atlasgurus/rulestone/cateng/category_engine.go:62.83,69.27 5 1
github.com/atlasgurus/rulestone/cateng/category_engine.go:69.27,70.57 1 1
github.com/atlasgurus/rulestone/cateng/category_engine.go:70.57,74.4 1 1
github.com/atlasgurus/rulestone/cateng/category_engine.go:75.3,76.18 2 1
github.com/atlasgurus/rulestone/cateng/category_engine.go:76.18,78.4 1 1
github.com/atlasgurus/rulestone/cateng/category_engine.go:82.2,82.52 1 1
github.com/atlasgurus/rulestone/cateng/category_engine.go:82.52,83.24 1 1
github.com/atlasgurus/rulestone/cateng/category_engine.go:83.24,85.14 2 1
github.com/atlasgurus/rulestone/cateng/category_engine.go:85.14,86.40 1 0
github.com/atlasgurus/rulestone/cateng/category_engine.go:88.4,89.19 2 1
github.com/atlasgurus/rulestone/cateng/category_engine.go:89.19,91.5 1 1
github.com/atlasgurus/rulestone/cateng/category_engine.go:94.2,94.15 1 1
github.com/atlasgurus/rulestone/cateng/category_engine.go:97.41,101.2 3 0
github.com/atlasgurus/rulestone/condition/condition.go:37.50,38.61 1 1
github.com/atlasgurus/rulestone/condition/condition.go:38.61,40.3 1 1
github.com/atlasgurus/rulestone/condition/condition.go:43.45,45.19 2 1
github.com/atlasgurus/rulestone/condition/condition.go:45.19,47.3 1 1
github.com/atlasgurus/rulestone/condition/condition.go:48.2,48.16 1 0
github.com/atlasgurus/rulestone/condition/condition.go:51.46,53.16 2 1
github.com/atlasgurus/rulestone/condition/condition.go:53.16,55.3 1 0
github.com/atlasgurus/rulestone/condition/condition.go:56.2,56.75 1 1
github.com/atlasgurus/rulestone/condition/condition.go:59.68,61.55 1 1
github.com/atlasgurus/rulestone/condition/condition.go:61.55,63.4 1 1
github.com/atlasgurus/rulestone/condition/condition.go:66.45,68.2 1 1
github.com/atlasgurus/rulestone/condition/condition.go:70.38,72.2 1 1
github.com/atlasgurus/rulestone/condition/condition.go:74.36,76.2 1 1
github.com/atlasgurus/rulestone/condition/condition.go:78.55,80.2 1 1
github.com/atlasgurus/rulestone/condition/condition.go:87.45,89.16 2 1
github.com/atlasgurus/rulestone/condition/condition.go:89.16,91.3 1 0
github.com/atlasgurus/rulestone/condition/condition.go:92.2,92.73 1 1
github.com/atlasgurus/rulestone/condition/condition.go:95.44,97.2 1 1
github.com/atlasgurus/rulestone/condition/condition.go:99.37,101.2 1 1
github.com/atlasgurus/rulestone/condition/condition.go:103.35,105.2 1 1
github.com/atlasgurus/rulestone/condition/condition.go:107.54,109.2 1 1
github.com/atlasgurus/rulestone/condition/condition.go:116.43,117.37 1 1
github.com/atlasgurus/rulestone/condition/condition.go:117.37,119.3 1 0
github.com/atlasgurus/rulestone/condition/condition.go:120.2,120.87 1 1
github.com/atlasgurus/rulestone/condition/condition.go:123.45,125.2 1 1
github.com/atlasgurus/rulestone/condition/condition.go:127.38,129.2 1 1
github.com/atlasgurus/rulestone/condition/condition.go:131.36,133.2 1 1
github.com/atlasgurus/rulestone/condition/condition.go:135.55,137.2 1 0
github.com/atlasgurus/rulestone/condition/condition.go:144.52,146.2 1 1
github.com/atlasgurus/rulestone/condition/condition.go:148.50,149.60 1 0
github.com/atlasgurus/rulestone/condition/condition.go:152.43,154.2 1 1
github.com/atlasgurus/rulestone/condition/condition.go:156.41,158.2 1 1
github.com/atlasgurus/rulestone/condition/condition.go:160.60,162.2 1 0
github.com/atlasgurus/rulestone/condition/condition.go:169.45,173.2 1 0
github.com/atlasgurus/rulestone/condition/condition.go:175.43,177.2 1 0
github.com/atlasgurus/rulestone/condition/condition.go:179.62,181.2 1 0
github.com/atlasgurus/rulestone/condition/condition.go:183.52,184.66 1 0
github.com/atlasgurus/rulestone/condition/condition.go:187.45,189.2 1 0
github.com/atlasgurus/rulestone/condition/condition.go:196.45,200.2 1 1
github.com/atlasgurus/rulestone/condition/condition.go:202.42,204.2 1 1
github.com/atlasgurus/rulestone/condition/condition.go:206.61,208.2 1 0
github.com/atlasgurus/rulestone/condition/condition.go:210.51,211.65 1 0
github.com/atlasgurus/rulestone/condition/condition.go:214.44,216.2 1 1
github.com/atlasgurus/rulestone/condition/condition.go:268.50,270.2 1 1
github.com/atlasgurus/rulestone/condition/condition.go:272.55,273.59 1 0
github.com/atlasgurus/rulestone/condition/condition.go:276.38,278.2 1 0
github.com/atlasgurus/rulestone/condition/condition.go:280.45,282.2 1 0
github.com/atlasgurus/rulestone/condition/condition.go:284.40,288.68 1 0
github.com/atlasgurus/rulestone/condition/condition.go:288.68,288.90 1 0
github.com/atlasgurus/rulestone/condition/condition.go:291.59,293.2 1 0
github.com/atlasgurus/rulestone/condition/condition.go:295.47,296.63 1 0
github.com/atlasgurus/rulestone/condition/condition.go:299.99,301.2 1 0
github.com/atlasgurus/rulestone/condition/condition.go:309.70,317.67 1 1
github.com/atlasgurus/rulestone/condition/condition.go:317.67,317.89 1 1
github.com/atlasgurus/rulestone/condition/condition.go:320.55,321.59 1 0
github.com/atlasgurus/rulestone/condition/condition.go:324.38,326.2 1 1
github.com/atlasgurus/rulestone/condition/condition.go:328.45,330.2 1 1
github.com/atlasgurus/rulestone/condition/condition.go:332.40,334.2 1 1
github.com/atlasgurus/rulestone/condition/condition.go:336.59,338.2 1 1
github.com/atlasgurus/rulestone/condition/condition.go:340.47,341.63 1 0
github.com/atlasgurus/rulestone/condition/condition.go:344.99,346.2 1 1
github.com/atlasgurus/rulestone/condition/condition.go:350.39,352.2 1 1
github.com/atlasgurus/rulestone/condition/condition.go:354.53,355.12 1 1
github.com/atlasgurus/rulestone/condition/condition.go:356.23,357.48 1 0
github.com/atlasgurus/rulestone/condition/condition.go:358.22,359.11 1 0
github.com/atlasgurus/rulestone/condition/condition.go:360.24,361.37 1 1
github.com/atlasgurus/rulestone/condition/condition.go:362.26,363.35 1 0
github.com/atlasgurus/rulestone/condition/condition.go:364.25,365.48 1 0
github.com/atlasgurus/rulestone/condition/condition.go:366.23,367.29 1 0
github.com/atlasgurus/rulestone/condition/condition.go:368.10,369.56 1 0
github.com/atlasgurus/rulestone/condition/condition.go:373.36,375.2 1 0
github.com/atlasgurus/rulestone/condition/condition.go:377.43,379.2 1 1
github.com/atlasgurus/rulestone/condition/condition.go:381.38,383.2 1 1
github.com/atlasgurus/rulestone/condition/condition.go:385.57,387.2 1 1
github.com/atlasgurus/rulestone/condition/condition.go:389.45,391.2 1 0
github.com/atlasgurus/rulestone/condition/condition.go:393.97,395.2 1 0
github.com/atlasgurus/rulestone/condition/condition.go:399.55,400.12 1 1
github.com/atlasgurus/rulestone/condition/condition.go:401.23,402.48 1 0
github.com/atlasgurus/rulestone/condition/condition.go:403.22,404.33 1 1
github.com/atlasgurus/rulestone/condition/condition.go:405.24,406.11 1 1
github.com/atlasgurus/rulestone/condition/condition.go:407.26,408.35 1 0
github.com/atlasgurus/rulestone/condition/condition.go:409.25,410.72 1 0
github.com/atlasgurus/rulestone/condition/condition.go:411.23,412.29 1 1
github.com/atlasgurus/rulestone/condition/condition.go:413.10,414.56 1 0
github.com/atlasgurus/rulestone/condition/condition.go:418.43,421.2 2 1
github.com/atlasgurus/rulestone/condition/condition.go:423.38,425.2 1 1
github.com/atlasgurus/rulestone/condition/condition.go:427.45,429.2 1 1
github.com/atlasgurus/rulestone/condition/condition.go:431.40,433.2 1 1
github.com/atlasgurus/rulestone/condition/condition.go:435.59,437.2 1 1
github.com/atlasgurus/rulestone/condition/condition.go:439.47,441.2 1 1
github.com/atlasgurus/rulestone/condition/condition.go:443.99,445.2 1 1
github.com/atlasgurus/rulestone/condition/condition.go:449.43,451.2 1 1
github.com/atlasgurus/rulestone/condition/condition.go:453.56,454.12 1 1
github.com/atlasgurus/rulestone/condition/condition.go:455.23,457.17 2 1
github.com/atlasgurus/rulestone/condition/condition.go:457.17,459.4 1 0
github.com/atlasgurus/rulestone/condition/condition.go:460.3,460.27 1 1
github.com/atlasgurus/rulestone/condition/condition.go:461.22,463.17 2 0
github.com/atlasgurus/rulestone/condition/condition.go:463.17,465.4 1 0
github.com/atlasgurus/rulestone/condition/condition.go:466.3,466.26 1 0
github.com/atlasgurus/rulestone/condition/condition.go:467.24,469.17 2 0
github.com/atlasgurus/rulestone/condition/condition.go:469.17,471.4 1 0
github.com/atlasgurus/rulestone/condition/condition.go:472.3,472.28 1 0
github.com/atlasgurus/rulestone/condition/condition.go:473.26,474.40 1 0
github.com/atlasgurus/rulestone/condition/condition.go:475.25,476.11 1 1
github.com/atlasgurus/rulestone/condition/condition.go:477.23,478.29 1 1
github.com/atlasgurus/rulestone/condition/condition.go:479.10,480.56 1 0
github.com/atlasgurus/rulestone/condition/condition.go:484.39,486.2 1 1
github.com/atlasgurus/rulestone/condition/condition.go:488.46,490.2 1 1
github.com/atlasgurus/rulestone/condition/condition.go:492.41,494.2 1 1
github.com/atlasgurus/rulestone/condition/condition.go:496.60,498.2 1 1
github.com/atlasgurus/rulestone/condition/condition.go:500.48,502.2 1 0
github.com/atlasgurus/rulestone/condition/condition.go:504.100,506.2 1 1
github.com/atlasgurus/rulestone/condition/condition.go:510.44,512.2 1 1
github.com/atlasgurus/rulestone/condition/condition.go:514.54,515.12 1 0
github.com/atlasgurus/rulestone/condition/condition.go:516.22,517.48 1 0
github.com/atlasgurus/rulestone/condition/condition.go:518.24,519.59 1 0
github.com/atlasgurus/rulestone/condition/condition.go:520.26,521.56 1 0
github.com/atlasgurus/rulestone/condition/condition.go:522.23,523.11 1 0
github.com/atlasgurus/rulestone/condition/condition.go:524.25,525.65 1 0
github.com/atlasgurus/rulestone/condition/condition.go:526.23,527.29 1 0
github.com/atlasgurus/rulestone/condition/condition.go:528.10,529.56 1 0
github.com/atlasgurus/rulestone/condition/condition.go:533.37,535.2 1 1
github.com/atlasgurus/rulestone/condition/condition.go:537.44,539.2 1 1
github.com/atlasgurus/rulestone/condition/condition.go:541.39,543.2 1 1
github.com/atlasgurus/rulestone/condition/condition.go:545.58,547.2 1 1
github.com/atlasgurus/rulestone/condition/condition.go:549.46,551.2 1 1
github.com/atlasgurus/rulestone/condition/condition.go:553.98,555.2 1 1
github.com/atlasgurus/rulestone/condition/condition.go:565.57,566.12 1 1
github.com/atlasgurus/rulestone/condition/condition.go:567.22,568.8 1 0
github.com/atlasgurus/rulestone/condition/condition.go:568.8,570.4 1 0
github.com/atlasgurus/rulestone/condition/condition.go:570.9,572.4 1 0
github.com/atlasgurus/rulestone/condition/condition.go:573.24,574.8 1 0
github.com/atlasgurus/rulestone/condition/condition.go:574.8,576.4 1 0
github.com/atlasgurus/rulestone/condition/condition.go:576.9,578.4 1 0
github.com/atlasgurus/rulestone/condition/condition.go:579.26,580.11 1 1
github.com/atlasgurus/rulestone/condition/condition.go:581.25,582.55 1 0
github.com/atlasgurus/rulestone/condition/condition.go:583.23,584.29 1 0
github.com/atlasgurus/rulestone/condition/condition.go:585.10,586.56 1 0
github.com/atlasgurus/rulestone/condition/condition.go:593.49,594.9 1 1
github.com/atlasgurus/rulestone/condition/condition.go:594.9,596.3 1 1
github.com/atlasgurus/rulestone/condition/condition.go:596.8,598.3 1 1
github.com/atlasgurus/rulestone/condition/condition.go:601.40,603.2 1 1
github.com/atlasgurus/rulestone/condition/condition.go:605.47,607.2 1 1
github.com/atlasgurus/rulestone/condition/condition.go:609.42,610.7 1 1
github.com/atlasgurus/rulestone/condition/condition.go:610.7,612.3 1 1
github.com/atlasgurus/rulestone/condition/condition.go:612.8,614.3 1 1
github.com/atlasgurus/rulestone/condition/condition.go:617.61,619.2 1 1
github.com/atlasgurus/rulestone/condition/condition.go:621.49,623.2 1 0
github.com/atlasgurus/rulestone/condition/condition.go:625.101,627.2 1 1
github.com/atlasgurus/rulestone/condition/condition.go:633.60,634.58 1 0
github.com/atlasgurus/rulestone/condition/condition.go:637.66,639.2 1 0
github.com/atlasgurus/rulestone/condition/condition.go:641.52,642.55 1 0
github.com/atlasgurus/rulestone/condition/condition.go:645.43,647.2 1 0
github.com/atlasgurus/rulestone/condition/condition.go:649.50,651.2 1 0
github.com/atlasgurus/rulestone/condition/condition.go:653.45,655.2 1 0
github.com/atlasgurus/rulestone/condition/condition.go:657.64,660.2 1 0
github.com/atlasgurus/rulestone/condition/condition.go:662.104,663.23 1 0
github.com/atlasgurus/rulestone/condition/condition.go:674.120,687.2 1 1
github.com/atlasgurus/rulestone/condition/condition.go:689.58,690.56 1 0
github.com/atlasgurus/rulestone/condition/condition.go:693.50,694.53 1 0
github.com/atlasgurus/rulestone/condition/condition.go:697.41,699.2 1 1
github.com/atlasgurus/rulestone/condition/condition.go:701.48,703.2 1 1
github.com/atlasgurus/rulestone/condition/condition.go:705.43,707.2 1 1
github.com/atlasgurus/rulestone/condition/condition.go:709.62,711.2 1 1
github.com/atlasgurus/rulestone/condition/condition.go:713.102,714.26 1 1
github.com/atlasgurus/rulestone/condition/condition.go:714.26,716.3 1 1
github.com/atlasgurus/rulestone/condition/condition.go:716.8,718.3 1 1
github.com/atlasgurus/rulestone/condition/condition.go:727.63,729.17 2 1
github.com/atlasgurus/rulestone/condition/condition.go:729.17,731.3 1 1
github.com/atlasgurus/rulestone/condition/condition.go:732.2,733.103 1 1
github.com/atlasgurus/rulestone/condition/condition.go:736.54,737.52 1 0
github.com/atlasgurus/rulestone/condition/condition.go:740.46,741.49 1 0
github.com/atlasgurus/rulestone/condition/condition.go:744.37,746.2 1 0
github.com/atlasgurus/rulestone/condition/condition.go:748.44,750.2 1 1
github.com/atlasgurus/rulestone/condition/condition.go:752.39,754.2 1 1
github.com/atlasgurus/rulestone/condition/condition.go:756.58,765.2 1 1
github.com/atlasgurus/rulestone/condition/condition.go:767.98,768.23 1 0
github.com/atlasgurus/rulestone/condition/condition.go:777.69,780.2 1 1
github.com/atlasgurus/rulestone/condition/condition.go:782.56,783.54 1 0
github.com/atlasgurus/rulestone/condition/condition.go:786.48,787.51 1 0
github.com/atlasgurus/rulestone/condition/condition.go:790.39,792.2 1 0
github.com/atlasgurus/rulestone/condition/condition.go:794.46,796.2 1 1
github.com/atlasgurus/rulestone/condition/condition.go:798.41,800.2 1 1
github.com/atlasgurus/rulestone/condition/condition.go:802.60,811.2 1 1
github.com/atlasgurus/rulestone/condition/condition.go:813.100,814.23 1 0
github.com/atlasgurus/rulestone/condition/condition.go:821.38,823.2 1 0
github.com/atlasgurus/rulestone/condition/condition.go:825.55,829.2 1 1
github.com/atlasgurus/rulestone/condition/condition.go:831.41,833.2 1 1
github.com/atlasgurus/rulestone/condition/condition.go:835.38,837.2 1 0
github.com/atlasgurus/rulestone/condition/condition.go:839.45,841.2 1 1
github.com/atlasgurus/rulestone/condition/condition.go:843.40,845.2 1 0
github.com/atlasgurus/rulestone/condition/condition.go:847.59,849.2 1 0
github.com/atlasgurus/rulestone/condition/condition.go:851.47,853.2 1 0
github.com/atlasgurus/rulestone/condition/condition.go:855.99,857.2 1 0
github.com/atlasgurus/rulestone/condition/condition.go:863.54,866.2 1 1
github.com/atlasgurus/rulestone/condition/condition.go:868.50,870.2 1 1
github.com/atlasgurus/rulestone/condition/condition.go:872.37,874.2 1 0
github.com/atlasgurus/rulestone/condition/condition.go:876.44,878.2 1 1
github.com/atlasgurus/rulestone/condition/condition.go:880.39,882.2 1 1
github.com/atlasgurus/rulestone/condition/condition.go:884.58,886.2 1 1
github.com/atlasgurus/rulestone/condition/condition.go:888.46,890.2 1 1
github.com/atlasgurus/rulestone/condition/condition.go:892.98,894.2 1 0
github.com/atlasgurus/rulestone/condition/condition.go:903.75,909.2 1 1
github.com/atlasgurus/rulestone/condition/condition.go:911.57,913.2 1 0
github.com/atlasgurus/rulestone/condition/condition.go:915.50,917.2 1 0
github.com/atlasgurus/rulestone/condition/condition.go:919.48,921.2 1 1
github.com/atlasgurus/rulestone/condition/condition.go:923.67,925.2 1 1
github.com/atlasgurus/rulestone/condition/condition.go:935.72,936.23 1 1
github.com/atlasgurus/rulestone/condition/condition.go:937.11,938.29 1 1
github.com/atlasgurus/rulestone/condition/condition.go:939.11,940.33 1 1
github.com/atlasgurus/rulestone/condition/condition.go:941.13,942.26 1 0
github.com/atlasgurus/rulestone/condition/condition.go:943.14,944.29 1 1
github.com/atlasgurus/rulestone/condition/condition.go:945.15,946.28 1 1
github.com/atlasgurus/rulestone/condition/condition.go:947.12,948.30 1 1
github.com/atlasgurus/rulestone/condition/condition.go:949.30,950.79 1 0
github.com/atlasgurus/rulestone/condition/condition.go:951.21,952.81 1 0
github.com/atlasgurus/rulestone/condition/condition.go:953.10,954.31 1 0
github.com/atlasgurus/rulestone/condition/condition.go:959.57,962.19 3 1
github.com/atlasgurus/rulestone/condition/condition.go:962.19,964.3 1 1
github.com/atlasgurus/rulestone/condition/condition.go:964.8,964.26 1 1
github.com/atlasgurus/rulestone/condition/condition.go:964.26,966.3 1 1
github.com/atlasgurus/rulestone/condition/condition.go:966.8,968.3 1 1
github.com/atlasgurus/rulestone/condition/condition_utils.go:8.56,10.70 1 0
github.com/atlasgurus/rulestone/condition/condition_utils.go:10.70,12.57 1 0
github.com/atlasgurus/rulestone/condition/condition_utils.go:12.57,14.6 1 0
github.com/atlasgurus/rulestone/condition/condition_utils.go:18.67,20.48 1 0
github.com/atlasgurus/rulestone/condition/condition_utils.go:20.48,22.47 1 0
github.com/atlasgurus/rulestone/condition/condition_utils.go:22.47,24.6 1 0
github.com/atlasgurus/rulestone/condition/factory.go:13.28,18.2 1 1
github.com/atlasgurus/rulestone/condition/factory.go:20.63,22.9 2 1
github.com/atlasgurus/rulestone/condition/factory.go:22.9,25.3 2 1
github.com/atlasgurus/rulestone/condition/factory.go:26.2,26.15 1 1
github.com/atlasgurus/rulestone/condition/factory.go:29.58,31.2 1 1
github.com/atlasgurus/rulestone/condition/factory.go:33.62,35.2 1 1
github.com/atlasgurus/rulestone/condition/factory.go:37.62,39.2 1 1
github.com/atlasgurus/rulestone/condition/factory.go:41.61,43.2 1 0
github.com/atlasgurus/rulestone/condition/factory.go:45.65,47.2 1 0
github.com/atlasgurus/rulestone/condition/factory.go:49.131,50.24 1 1
github.com/atlasgurus/rulestone/condition/factory.go:50.24,52.3 1 1
github.com/atlasgurus/rulestone/condition/factory.go:52.8,54.3 1 1
github.com/atlasgurus/rulestone/condition/factory.go:57.78,59.2 1 1
github.com/atlasgurus/rulestone/condition/factory.go:61.82,63.2 1 1
github.com/atlasgurus/rulestone/condition/factory.go:65.60,67.2 1 0
github.com/atlasgurus/rulestone/condition/factory.go:69.89,71.2 1 1
github.com/atlasgurus/rulestone/condition/factory.go:73.66,75.9 2 1
github.com/atlasgurus/rulestone/condition/factory.go:75.9,78.3 2 1
github.com/atlasgurus/rulestone/condition/factory.go:79.2,79.15 1 1
github.com/atlasgurus/rulestone/condition/factory.go:82.86,84.2 1 0
github.com/atlasgurus/rulestone/condition/factory.go:86.65,88.2 1 1
github.com/atlasgurus/rulestone/condition/factory.go:90.64,92.2 1 1
github.com/atlasgurus/rulestone/condition/factory.go:94.62,96.2 1 0
github.com/atlasgurus/rulestone/condition/rule.go:14.55,16.2 1 1
github.com/atlasgurus/rulestone/condition/rule.go:29.43,31.2 1 0
github.com/atlasgurus/rulestone/condition/rule.go:33.44,35.2 1 1
github.com/atlasgurus/rulestone/condition/rule.go:37.67,39.41 2 1
github.com/atlasgurus/rulestone/condition/rule.go:39.41,42.34 2 1
github.com/atlasgurus/rulestone/condition/rule.go:42.34,44.31 2 1
github.com/atlasgurus/rulestone/condition/rule.go:44.31,46.5 1 1
github.com/atlasgurus/rulestone/condition/rule.go:47.4,47.53 1 1
github.com/atlasgurus/rulestone/condition/rule.go:49.3,52.5 1 1
github.com/atlasgurus/rulestone/condition/rule.go:54.2,54.32 1 1
github.com/atlasgurus/rulestone/engine/engine_api.go:33.72,35.47 2 1
github.com/atlasgurus/rulestone/engine/engine_api.go:35.47,37.3 1 0
github.com/atlasgurus/rulestone/engine/engine_api.go:38.2,40.24 1 1
github.com/atlasgurus/rulestone/engine/engine_api.go:43.85,46.35 2 1
github.com/atlasgurus/rulestone/engine/engine_api.go:47.14,49.49 2 0
github.com/atlasgurus/rulestone/engine/engine_api.go:49.49,51.4 1 0
github.com/atlasgurus/rulestone/engine/engine_api.go:52.21,54.49 2 1
github.com/atlasgurus/rulestone/engine/engine_api.go:54.49,56.4 1 0
github.com/atlasgurus/rulestone/engine/engine_api.go:57.10,58.68 1 0
github.com/atlasgurus/rulestone/engine/engine_api.go:61.2,62.30 2 1
github.com/atlasgurus/rulestone/engine/engine_api.go:62.30,64.17 2 1
github.com/atlasgurus/rulestone/engine/engine_api.go:64.17,66.4 1 0
github.com/atlasgurus/rulestone/engine/engine_api.go:67.3,67.35 1 1
github.com/atlasgurus/rulestone/engine/engine_api.go:69.2,69.27 1 1
github.com/atlasgurus/rulestone/engine/engine_api.go:72.49,74.2 1 1
github.com/atlasgurus/rulestone/engine/engine_api.go:82.60,86.2 3 1
github.com/atlasgurus/rulestone/engine/engine_api.go:88.94,91.16 3 0
github.com/atlasgurus/rulestone/engine/engine_api.go:91.16,93.3 1 0
github.com/atlasgurus/rulestone/engine/engine_api.go:94.2,94.38 1 0
github.com/atlasgurus/rulestone/engine/engine_api.go:97.80,99.16 2 1
github.com/atlasgurus/rulestone/engine/engine_api.go:99.16,101.3 1 1
github.com/atlasgurus/rulestone/engine/engine_api.go:102.2,108.16 5 1
github.com/atlasgurus/rulestone/engine/engine_api.go:108.16,110.3 1 0
github.com/atlasgurus/rulestone/engine/engine_api.go:111.2,112.23 2 1
github.com/atlasgurus/rulestone/engine/engine_api.go:112.23,115.3 2 1
github.com/atlasgurus/rulestone/engine/engine_api.go:116.2,116.21 1 1
github.com/atlasgurus/rulestone/engine/engine_api.go:119.86,137.32 3 1
github.com/atlasgurus/rulestone/engine/engine_api.go:137.32,139.48 2 1
github.com/atlasgurus/rulestone/engine/engine_api.go:139.48,141.4 1 0
github.com/atlasgurus/rulestone/engine/engine_api.go:142.3,142.78 1 1
github.com/atlasgurus/rulestone/engine/engine_api.go:146.2,146.86 1 1
github.com/atlasgurus/rulestone/engine/engine_api.go:146.86,146.103 1 1
github.com/atlasgurus/rulestone/engine/engine_api.go:148.2,148.21 1 1
github.com/atlasgurus/rulestone/engine/engine_api.go:162.63,164.16 2 1
github.com/atlasgurus/rulestone/engine/engine_api.go:164.16,166.3 1 0
github.com/atlasgurus/rulestone/engine/engine_api.go:167.2,174.87 2 1
github.com/atlasgurus/rulestone/engine/engine_api.go:177.71,181.20 2 1
github.com/atlasgurus/rulestone/engine/engine_api.go:181.20,184.10 3 1
github.com/atlasgurus/rulestone/engine/engine_api.go:184.10,186.42 1 1
github.com/atlasgurus/rulestone/engine/engine_api.go:186.42,188.7 1 1
github.com/atlasgurus/rulestone/engine/engine_api.go:191.2,193.70 3 1
github.com/atlasgurus/rulestone/engine/engine_api.go:193.70,196.29 3 1
github.com/atlasgurus/rulestone/engine/engine_api.go:197.31,197.31 0 1
github.com/atlasgurus/rulestone/engine/engine_api.go:200.33,202.9 2 1
github.com/atlasgurus/rulestone/engine/engine_api.go:202.9,204.5 1 1
github.com/atlasgurus/rulestone/engine/engine_api.go:205.31,206.29 1 1
github.com/atlasgurus/rulestone/engine/engine_api.go:206.29,209.5 2 1
github.com/atlasgurus/rulestone/engine/engine_api.go:210.29,211.14 1 1
github.com/atlasgurus/rulestone/engine/engine_api.go:211.14,213.5 1 0
github.com/atlasgurus/rulestone/engine/engine_api.go:214.11,215.32 1 0
github.com/atlasgurus/rulestone/engine/engine_api.go:218.2,219.48 2 1
github.com/atlasgurus/rulestone/engine/engine_api.go:222.67,223.72 1 0
github.com/atlasgurus/rulestone/engine/engine_api.go:223.72,225.3 1 0
github.com/atlasgurus/rulestone/engine/engine_api.go:225.8,227.3 1 0
github.com/atlasgurus/rulestone/engine/engine_impl.go:33.66,35.2 1 1
github.com/atlasgurus/rulestone/engine/engine_impl.go:37.59,39.2 1 1
github.com/atlasgurus/rulestone/engine/engine_impl.go:41.42,44.2 2 1
github.com/atlasgurus/rulestone/engine/engine_impl.go:60.44,62.2 1 1
github.com/atlasgurus/rulestone/engine/engine_impl.go:64.69,67.2 1 1
github.com/atlasgurus/rulestone/engine/engine_impl.go:69.113,71.2 1 1
github.com/atlasgurus/rulestone/engine/engine_impl.go:73.56,76.2 1 1
github.com/atlasgurus/rulestone/engine/engine_impl.go:92.90,99.2 3 1
github.com/atlasgurus/rulestone/engine/engine_impl.go:101.87,103.84 1 1
github.com/atlasgurus/rulestone/engine/engine_impl.go:103.84,104.29 1 0
github.com/atlasgurus/rulestone/engine/engine_impl.go:107.2,107.78 1 1
github.com/atlasgurus/rulestone/engine/engine_impl.go:111.127,113.21 2 1
github.com/atlasgurus/rulestone/engine/engine_impl.go:114.29,116.69 1 0
github.com/atlasgurus/rulestone/engine/engine_impl.go:116.69,118.5 1 0
github.com/atlasgurus/rulestone/engine/engine_impl.go:119.28,121.69 1 0
github.com/atlasgurus/rulestone/engine/engine_impl.go:121.69,123.5 1 0
github.com/atlasgurus/rulestone/engine/engine_impl.go:124.29,125.105 1 0
github.com/atlasgurus/rulestone/engine/engine_impl.go:126.34,127.41 1 0
github.com/atlasgurus/rulestone/engine/engine_impl.go:128.33,129.86 1 0
github.com/atlasgurus/rulestone/engine/engine_impl.go:130.30,131.80 1 1
github.com/atlasgurus/rulestone/engine/engine_impl.go:132.10,133.29 1 0
github.com/atlasgurus/rulestone/engine/engine_impl.go:135.2,135.15 1 1
github.com/atlasgurus/rulestone/engine/engine_impl.go:138.111,139.25 1 1
github.com/atlasgurus/rulestone/engine/engine_impl.go:139.25,143.77 4 1
github.com/atlasgurus/rulestone/engine/engine_impl.go:143.77,146.4 2 1
github.com/atlasgurus/rulestone/engine/engine_impl.go:147.3,148.70 2 1
github.com/atlasgurus/rulestone/engine/engine_impl.go:152.84,153.25 1 1
github.com/atlasgurus/rulestone/engine/engine_impl.go:153.25,154.54 1 1
github.com/atlasgurus/rulestone/engine/engine_impl.go:154.54,157.77 3 1
github.com/atlasgurus/rulestone/engine/engine_impl.go:157.77,159.32 2 1
github.com/atlasgurus/rulestone/engine/engine_impl.go:159.32,161.6 1 0
github.com/atlasgurus/rulestone/engine/engine_impl.go:170.45,173.85 1 1
github.com/atlasgurus/rulestone/engine/engine_impl.go:173.85,175.49 2 1
github.com/atlasgurus/rulestone/engine/engine_impl.go:175.49,177.5 1 0
github.com/atlasgurus/rulestone/engine/engine_impl.go:178.4,179.49 2 1
github.com/atlasgurus/rulestone/engine/engine_impl.go:179.49,181.5 1 0
github.com/atlasgurus/rulestone/engine/engine_impl.go:183.4,183.14 1 1
github.com/atlasgurus/rulestone/engine/engine_impl.go:184.20,185.113 1 1
github.com/atlasgurus/rulestone/engine/engine_impl.go:186.19,187.113 1 1
github.com/atlasgurus/rulestone/engine/engine_impl.go:188.12,189.33 1 0
github.com/atlasgurus/rulestone/engine/engine_impl.go:197.45,200.85 1 1
github.com/atlasgurus/rulestone/engine/engine_impl.go:200.85,205.43 5 1
github.com/atlasgurus/rulestone/engine/engine_impl.go:205.43,207.5 1 1
github.com/atlasgurus/rulestone/engine/engine_impl.go:208.4,208.43 1 1
github.com/atlasgurus/rulestone/engine/engine_impl.go:208.43,210.5 1 1
github.com/atlasgurus/rulestone/engine/engine_impl.go:213.4,215.18 2 1
github.com/atlasgurus/rulestone/engine/engine_impl.go:216.34,217.52 1 1
github.com/atlasgurus/rulestone/engine/engine_impl.go:218.37,219.53 1 1
github.com/atlasgurus/rulestone/engine/engine_impl.go:220.36,221.53 1 1
github.com/atlasgurus/rulestone/engine/engine_impl.go:222.43,223.54 1 1
github.com/atlasgurus/rulestone/engine/engine_impl.go:224.33,225.53 1 1
github.com/atlasgurus/rulestone/engine/engine_impl.go:226.40,227.54 1 0
github.com/atlasgurus/rulestone/engine/engine_impl.go:228.12,229.29 1 0
github.com/atlasgurus/rulestone/engine/engine_impl.go:236.82,240.39 3 1
github.com/atlasgurus/rulestone/engine/engine_impl.go:240.39,243.3 2 0
github.com/atlasgurus/rulestone/engine/engine_impl.go:243.8,243.47 1 1
github.com/atlasgurus/rulestone/engine/engine_impl.go:243.47,246.3 2 1
github.com/atlasgurus/rulestone/engine/engine_impl.go:246.8,247.50 1 0
github.com/atlasgurus/rulestone/engine/engine_impl.go:250.2,250.98 1 1
github.com/atlasgurus/rulestone/engine/engine_impl.go:255.108,257.56 2 1
github.com/atlasgurus/rulestone/engine/engine_impl.go:257.56,259.3 1 0
github.com/atlasgurus/rulestone/engine/engine_impl.go:262.2,264.15 3 1
github.com/atlasgurus/rulestone/engine/engine_impl.go:264.15,267.3 2 1
github.com/atlasgurus/rulestone/engine/engine_impl.go:270.2,270.47 1 1
github.com/atlasgurus/rulestone/engine/engine_impl.go:270.47,275.3 2 1
github.com/atlasgurus/rulestone/engine/engine_impl.go:277.2,277.14 1 1
github.com/atlasgurus/rulestone/engine/engine_impl.go:277.14,282.3 2 1
github.com/atlasgurus/rulestone/engine/engine_impl.go:284.2,285.85 1 1
github.com/atlasgurus/rulestone/engine/engine_impl.go:285.85,288.43 3 1
github.com/atlasgurus/rulestone/engine/engine_impl.go:288.43,290.5 1 1
github.com/atlasgurus/rulestone/engine/engine_impl.go:291.4,292.9 2 1
github.com/atlasgurus/rulestone/engine/engine_impl.go:292.9,294.5 1 1
github.com/atlasgurus/rulestone/engine/engine_impl.go:294.10,296.5 1 1
github.com/atlasgurus/rulestone/engine/engine_impl.go:301.96,303.56 2 1
github.com/atlasgurus/rulestone/engine/engine_impl.go:303.56,305.3 1 0
github.com/atlasgurus/rulestone/engine/engine_impl.go:308.2,310.15 3 1
github.com/atlasgurus/rulestone/engine/engine_impl.go:310.15,313.3 2 1
github.com/atlasgurus/rulestone/engine/engine_impl.go:316.2,316.46 1 1
github.com/atlasgurus/rulestone/engine/engine_impl.go:316.46,318.3 1 1
github.com/atlasgurus/rulestone/engine/engine_impl.go:320.2,320.14 1 1
github.com/atlasgurus/rulestone/engine/engine_impl.go:320.14,325.3 2 1
github.com/atlasgurus/rulestone/engine/engine_impl.go:327.2,328.85 1 1
github.com/atlasgurus/rulestone/engine/engine_impl.go:328.85,331.43 3 1
github.com/atlasgurus/rulestone/engine/engine_impl.go:331.43,333.5 1 0
github.com/atlasgurus/rulestone/engine/engine_impl.go:334.4,335.24 2 1
github.com/atlasgurus/rulestone/engine/engine_impl.go:335.24,337.5 1 1
github.com/atlasgurus/rulestone/engine/engine_impl.go:337.10,339.5 1 1
github.com/atlasgurus/rulestone/engine/engine_impl.go:351.57,355.47 2 1
github.com/atlasgurus/rulestone/engine/engine_impl.go:355.47,359.33 2 1
github.com/atlasgurus/rulestone/engine/engine_impl.go:359.33,361.4 1 0
github.com/atlasgurus/rulestone/engine/engine_impl.go:363.3,365.52 3 1
github.com/atlasgurus/rulestone/engine/engine_impl.go:365.52,367.4 1 0
github.com/atlasgurus/rulestone/engine/engine_impl.go:368.3,369.52 2 1
github.com/atlasgurus/rulestone/engine/engine_impl.go:369.52,371.4 1 0
github.com/atlasgurus/rulestone/engine/engine_impl.go:372.3,372.117 1 1
github.com/atlasgurus/rulestone/engine/engine_impl.go:375.2,376.85 1 1
github.com/atlasgurus/rulestone/engine/engine_impl.go:376.85,379.42 3 1
github.com/atlasgurus/rulestone/engine/engine_impl.go:379.42,382.5 1 0
github.com/atlasgurus/rulestone/engine/engine_impl.go:383.4,383.43 1 1
github.com/atlasgurus/rulestone/engine/engine_impl.go:383.43,385.5 1 0
github.com/atlasgurus/rulestone/engine/engine_impl.go:386.4,388.43 3 1
github.com/atlasgurus/rulestone/engine/engine_impl.go:388.43,390.5 1 0
github.com/atlasgurus/rulestone/engine/engine_impl.go:391.4,392.42 2 1
github.com/atlasgurus/rulestone/engine/engine_impl.go:392.42,394.52 2 1
github.com/atlasgurus/rulestone/engine/engine_impl.go:394.52,396.6 1 0
github.com/atlasgurus/rulestone/engine/engine_impl.go:398.4,399.9 2 1
github.com/atlasgurus/rulestone/engine/engine_impl.go:399.9,400.43 1 1
github.com/atlasgurus/rulestone/engine/engine_impl.go:400.43,403.6 1 0
github.com/atlasgurus/rulestone/engine/engine_impl.go:404.5,406.70 1 1
github.com/atlasgurus/rulestone/engine/engine_impl.go:407.10,409.5 1 0
github.com/atlasgurus/rulestone/engine/engine_impl.go:414.82,417.54 2 1
github.com/atlasgurus/rulestone/engine/engine_impl.go:417.54,419.3 1 0
github.com/atlasgurus/rulestone/engine/engine_impl.go:421.2,422.54 2 1
github.com/atlasgurus/rulestone/engine/engine_impl.go:422.54,424.3 1 0
github.com/atlasgurus/rulestone/engine/engine_impl.go:425.2,425.82 1 1
github.com/atlasgurus/rulestone/engine/engine_impl.go:429.81,433.16 2 1
github.com/atlasgurus/rulestone/engine/engine_impl.go:433.16,435.3 1 0
github.com/atlasgurus/rulestone/engine/engine_impl.go:436.2,436.38 1 1
github.com/atlasgurus/rulestone/engine/engine_impl.go:440.84,441.30 1 1
github.com/atlasgurus/rulestone/engine/engine_impl.go:441.30,442.42 1 0
github.com/atlasgurus/rulestone/engine/engine_impl.go:445.2,447.8 3 1
github.com/atlasgurus/rulestone/engine/engine_impl.go:447.8,448.24 1 1
github.com/atlasgurus/rulestone/engine/engine_impl.go:448.24,455.4 3 1
github.com/atlasgurus/rulestone/engine/engine_impl.go:456.3,456.30 1 1
github.com/atlasgurus/rulestone/engine/engine_impl.go:457.8,458.24 1 1
github.com/atlasgurus/rulestone/engine/engine_impl.go:458.24,463.4 3 0
github.com/atlasgurus/rulestone/engine/engine_impl.go:465.3,468.78 2 1
github.com/atlasgurus/rulestone/engine/engine_impl.go:468.78,470.4 1 1
github.com/atlasgurus/rulestone/engine/engine_impl.go:470.9,472.4 1 1
github.com/atlasgurus/rulestone/engine/engine_impl.go:473.3,473.66 1 1
github.com/atlasgurus/rulestone/engine/engine_impl.go:473.66,475.4 1 0
github.com/atlasgurus/rulestone/engine/engine_impl.go:476.3,478.60 2 1
github.com/atlasgurus/rulestone/engine/engine_impl.go:480.2,480.60 1 1
github.com/atlasgurus/rulestone/engine/engine_impl.go:503.45,505.2 1 1
github.com/atlasgurus/rulestone/engine/engine_impl.go:510.72,512.34 2 0
github.com/atlasgurus/rulestone/engine/engine_impl.go:512.34,514.51 2 0
github.com/atlasgurus/rulestone/engine/engine_impl.go:514.51,516.4 1 0
github.com/atlasgurus/rulestone/engine/engine_impl.go:517.3,517.73 1 0
github.com/atlasgurus/rulestone/engine/engine_impl.go:520.2,521.85 1 0
github.com/atlasgurus/rulestone/engine/engine_impl.go:521.85,522.40 1 0
github.com/atlasgurus/rulestone/engine/engine_impl.go:522.40,524.55 2 0
github.com/atlasgurus/rulestone/engine/engine_impl.go:524.55,526.6 1 0
github.com/atlasgurus/rulestone/engine/engine_impl.go:526.11,526.50 1 0
github.com/atlasgurus/rulestone/engine/engine_impl.go:526.50,528.6 1 0
github.com/atlasgurus/rulestone/engine/engine_impl.go:531.4,531.44 1 0
github.com/atlasgurus/rulestone/engine/engine_impl.go:532.86,532.98 1 0
github.com/atlasgurus/rulestone/engine/engine_impl.go:536.71,538.34 2 0
github.com/atlasgurus/rulestone/engine/engine_impl.go:538.34,540.51 2 0
github.com/atlasgurus/rulestone/engine/engine_impl.go:540.51,542.4 1 0
github.com/atlasgurus/rulestone/engine/engine_impl.go:543.3,543.73 1 0
github.com/atlasgurus/rulestone/engine/engine_impl.go:546.2,547.85 1 0
github.com/atlasgurus/rulestone/engine/engine_impl.go:547.85,548.40 1 0
github.com/atlasgurus/rulestone/engine/engine_impl.go:548.40,550.55 2 0
github.com/atlasgurus/rulestone/engine/engine_impl.go:550.55,552.6 1 0
github.com/atlasgurus/rulestone/engine/engine_impl.go:552.11,552.49 1 0
github.com/atlasgurus/rulestone/engine/engine_impl.go:552.49,554.6 1 0
github.com/atlasgurus/rulestone/engine/engine_impl.go:557.4,557.45 1 0
github.com/atlasgurus/rulestone/engine/engine_impl.go:558.86,558.98 1 0
github.com/atlasgurus/rulestone/engine/engine_impl.go:562.72,564.50 2 0
github.com/atlasgurus/rulestone/engine/engine_impl.go:564.50,566.3 1 0
github.com/atlasgurus/rulestone/engine/engine_impl.go:568.2,569.85 1 0
github.com/atlasgurus/rulestone/engine/engine_impl.go:569.85,571.54 2 0
github.com/atlasgurus/rulestone/engine/engine_impl.go:571.54,573.5 1 0
github.com/atlasgurus/rulestone/engine/engine_impl.go:573.10,575.5 1 0
github.com/atlasgurus/rulestone/engine/engine_impl.go:580.70,581.21 1 1
github.com/atlasgurus/rulestone/engine/engine_impl.go:582.29,583.74 1 0
github.com/atlasgurus/rulestone/engine/engine_impl.go:584.28,585.72 1 0
github.com/atlasgurus/rulestone/engine/engine_impl.go:586.29,587.74 1 0
github.com/atlasgurus/rulestone/engine/engine_impl.go:588.34,589.41 1 0
github.com/atlasgurus/rulestone/engine/engine_impl.go:590.33,591.87 1 0
github.com/atlasgurus/rulestone/engine/engine_impl.go:592.30,593.81 1 1
github.com/atlasgurus/rulestone/engine/engine_impl.go:594.10,595.58 1 0
github.com/atlasgurus/rulestone/engine/engine_impl.go:600.53,602.86 1 1
github.com/atlasgurus/rulestone/engine/engine_impl.go:602.86,604.3 1 0
github.com/atlasgurus/rulestone/engine/engine_impl.go:604.8,608.17 4 1
github.com/atlasgurus/rulestone/engine/engine_impl.go:608.17,610.4 1 0
github.com/atlasgurus/rulestone/engine/engine_impl.go:611.3,614.62 3 1
github.com/atlasgurus/rulestone/engine/engine_impl.go:614.62,615.17 1 0
github.com/atlasgurus/rulestone/engine/engine_impl.go:617.3,629.86 2 1
github.com/atlasgurus/rulestone/engine/engine_impl.go:634.102,637.16 2 1
github.com/atlasgurus/rulestone/engine/engine_impl.go:637.16,639.3 1 0
github.com/atlasgurus/rulestone/engine/engine_impl.go:639.8,643.51 3 1
github.com/atlasgurus/rulestone/engine/engine_impl.go:643.51,645.4 1 0
github.com/atlasgurus/rulestone/engine/engine_impl.go:647.3,648.86 1 1
github.com/atlasgurus/rulestone/engine/engine_impl.go:648.86,650.19 2 1
github.com/atlasgurus/rulestone/engine/engine_impl.go:650.19,652.6 1 1
github.com/atlasgurus/rulestone/engine/engine_impl.go:654.5,660.38 7 1
github.com/atlasgurus/rulestone/engine/engine_impl.go:660.38,663.25 3 1
github.com/atlasgurus/rulestone/engine/engine_impl.go:663.25,668.12 2 0
github.com/atlasgurus/rulestone/engine/engine_impl.go:670.6,672.56 3 1
github.com/atlasgurus/rulestone/engine/engine_impl.go:672.56,673.12 1 1
github.com/atlasgurus/rulestone/engine/engine_impl.go:674.12,674.51 1 1
github.com/atlasgurus/rulestone/engine/engine_impl.go:674.51,675.12 1 1
github.com/atlasgurus/rulestone/engine/engine_impl.go:679.5,680.18 2 1
github.com/atlasgurus/rulestone/engine/engine_impl.go:686.104,689.9 3 1
github.com/atlasgurus/rulestone/engine/engine_impl.go:689.9,692.51 2 1
github.com/atlasgurus/rulestone/engine/engine_impl.go:692.51,694.4 1 0
github.com/atlasgurus/rulestone/engine/engine_impl.go:695.3,698.87 3 1
github.com/atlasgurus/rulestone/engine/engine_impl.go:698.87,699.68 1 0
github.com/atlasgurus/rulestone/engine/engine_impl.go:700.9,702.4 1 1
github.com/atlasgurus/rulestone/engine/engine_impl.go:704.2,704.60 1 1
github.com/atlasgurus/rulestone/engine/engine_impl.go:708.102,711.16 2 1
github.com/atlasgurus/rulestone/engine/engine_impl.go:711.16,713.3 1 0
github.com/atlasgurus/rulestone/engine/engine_impl.go:713.8,716.51 3 1
github.com/atlasgurus/rulestone/engine/engine_impl.go:716.51,718.4 1 0
github.com/atlasgurus/rulestone/engine/engine_impl.go:720.3,721.86 1 1
github.com/atlasgurus/rulestone/engine/engine_impl.go:721.86,723.19 2 1
github.com/atlasgurus/rulestone/engine/engine_impl.go:723.19,725.6 1 1
github.com/atlasgurus/rulestone/engine/engine_impl.go:727.5,733.38 7 1
github.com/atlasgurus/rulestone/engine/engine_impl.go:733.38,736.25 3 1
github.com/atlasgurus/rulestone/engine/engine_impl.go:736.25,740.12 1 0
github.com/atlasgurus/rulestone/engine/engine_impl.go:742.6,744.56 3 1
github.com/atlasgurus/rulestone/engine/engine_impl.go:744.56,745.12 1 1
github.com/atlasgurus/rulestone/engine/engine_impl.go:746.12,746.50 1 1
github.com/atlasgurus/rulestone/engine/engine_impl.go:746.50,747.12 1 1
github.com/atlasgurus/rulestone/engine/engine_impl.go:751.5,753.18 2 1
github.com/atlasgurus/rulestone/engine/engine_impl.go:759.104,762.9 3 1
github.com/atlasgurus/rulestone/engine/engine_impl.go:762.9,764.51 2 1
github.com/atlasgurus/rulestone/engine/engine_impl.go:764.51,766.4 1 0
github.com/atlasgurus/rulestone/engine/engine_impl.go:768.3,771.87 3 1
github.com/atlasgurus/rulestone/engine/engine_impl.go:771.87,773.68 1 0
github.com/atlasgurus/rulestone/engine/engine_impl.go:774.9,776.4 1 1
github.com/atlasgurus/rulestone/engine/engine_impl.go:778.2,778.60 1 1
github.com/atlasgurus/rulestone/engine/engine_impl.go:781.78,782.12 1 1
github.com/atlasgurus/rulestone/engine/engine_impl.go:782.12,784.3 1 1
github.com/atlasgurus/rulestone/engine/engine_impl.go:784.8,786.3 1 1
github.com/atlasgurus/rulestone/engine/engine_impl.go:789.115,790.26 1 1
github.com/atlasgurus/rulestone/engine/engine_impl.go:791.21,793.19 2 1
github.com/atlasgurus/rulestone/engine/engine_impl.go:794.22,795.80 1 1
github.com/atlasgurus/rulestone/engine/engine_impl.go:796.19,797.77 1 1
github.com/atlasgurus/rulestone/engine/engine_impl.go:798.31,799.89 1 1
github.com/atlasgurus/rulestone/engine/engine_impl.go:800.23,801.67 1 1
github.com/atlasgurus/rulestone/engine/engine_impl.go:802.22,803.63 1 1
github.com/atlasgurus/rulestone/engine/engine_impl.go:804.17,805.65 1 1
github.com/atlasgurus/rulestone/engine/engine_impl.go:806.18,807.66 1 1
github.com/atlasgurus/rulestone/engine/engine_impl.go:808.11,809.88 1 0
github.com/atlasgurus/rulestone/engine/engine_impl.go:811.23,812.13 1 1
github.com/atlasgurus/rulestone/engine/engine_impl.go:812.13,813.16 1 1
github.com/atlasgurus/rulestone/engine/engine_impl.go:814.20,815.118 1 1
github.com/atlasgurus/rulestone/engine/engine_impl.go:816.19,817.119 1 0
github.com/atlasgurus/rulestone/engine/engine_impl.go:818.74,819.59 1 1
github.com/atlasgurus/rulestone/engine/engine_impl.go:820.12,822.65 1 0
github.com/atlasgurus/rulestone/engine/engine_impl.go:824.9,825.16 1 1
github.com/atlasgurus/rulestone/engine/engine_impl.go:826.20,827.121 1 1
github.com/atlasgurus/rulestone/engine/engine_impl.go:828.19,829.120 1 1
github.com/atlasgurus/rulestone/engine/engine_impl.go:830.74,831.59 1 1
github.com/atlasgurus/rulestone/engine/engine_impl.go:832.12,834.65 1 0
github.com/atlasgurus/rulestone/engine/engine_impl.go:837.22,838.15 1 1
github.com/atlasgurus/rulestone/engine/engine_impl.go:839.18,840.52 1 1
github.com/atlasgurus/rulestone/engine/engine_impl.go:841.11,843.64 1 0
github.com/atlasgurus/rulestone/engine/engine_impl.go:845.22,846.50 1 1
github.com/atlasgurus/rulestone/engine/engine_impl.go:847.10,849.55 1 0
github.com/atlasgurus/rulestone/engine/engine_impl.go:855.124,857.28 2 1
github.com/atlasgurus/rulestone/engine/engine_impl.go:857.28,858.29 1 0
github.com/atlasgurus/rulestone/engine/engine_impl.go:861.2,865.59 4 1
github.com/atlasgurus/rulestone/engine/engine_impl.go:865.59,867.3 1 0
github.com/atlasgurus/rulestone/engine/engine_impl.go:869.2,869.146 1 1
github.com/atlasgurus/rulestone/engine/engine_impl.go:872.108,874.28 2 1
github.com/atlasgurus/rulestone/engine/engine_impl.go:874.28,875.29 1 0
github.com/atlasgurus/rulestone/engine/engine_impl.go:878.2,881.21 3 1
github.com/atlasgurus/rulestone/engine/engine_impl.go:881.21,883.3 1 0
github.com/atlasgurus/rulestone/engine/engine_impl.go:885.2,885.75 1 1
github.com/atlasgurus/rulestone/engine/engine_impl.go:885.75,885.112 1 1
github.com/atlasgurus/rulestone/engine/engine_impl.go:886.2,887.47 1 1
github.com/atlasgurus/rulestone/engine/engine_impl.go:887.47,887.99 1 1
github.com/atlasgurus/rulestone/engine/engine_impl.go:888.2,888.30 1 1
github.com/atlasgurus/rulestone/engine/engine_impl.go:888.30,890.3 1 0
github.com/atlasgurus/rulestone/engine/engine_impl.go:892.2,892.85 1 1
github.com/atlasgurus/rulestone/engine/engine_impl.go:892.85,892.107 1 1
github.com/atlasgurus/rulestone/engine/engine_impl.go:895.2,895.30 1 1
github.com/atlasgurus/rulestone/engine/engine_impl.go:895.30,896.44 1 0
github.com/atlasgurus/rulestone/engine/engine_impl.go:896.44,897.41 1 0
github.com/atlasgurus/rulestone/engine/engine_impl.go:897.41,900.5 1 0
github.com/atlasgurus/rulestone/engine/engine_impl.go:902.3,902.47 1 0
github.com/atlasgurus/rulestone/engine/engine_impl.go:902.47,905.4 1 0
github.com/atlasgurus/rulestone/engine/engine_impl.go:908.2,908.46 1 1
github.com/atlasgurus/rulestone/engine/engine_impl.go:908.46,911.3 1 0
github.com/atlasgurus/rulestone/engine/engine_impl.go:913.2,915.65 2 1
github.com/atlasgurus/rulestone/engine/engine_impl.go:915.65,917.3 1 0
github.com/atlasgurus/rulestone/engine/engine_impl.go:918.2,920.60 2 1
github.com/atlasgurus/rulestone/engine/engine_impl.go:923.120,925.16 2 0
github.com/atlasgurus/rulestone/engine/engine_impl.go:925.16,927.3 1 0
github.com/atlasgurus/rulestone/engine/engine_impl.go:929.2,929.14 1 0
github.com/atlasgurus/rulestone/engine/engine_impl.go:930.13,935.10 1 0
github.com/atlasgurus/rulestone/engine/engine_impl.go:936.14,941.10 1 0
github.com/atlasgurus/rulestone/engine/engine_impl.go:943.10,944.46 1 0
github.com/atlasgurus/rulestone/engine/engine_impl.go:949.68,950.22 1 1
github.com/atlasgurus/rulestone/engine/engine_impl.go:950.22,952.3 1 0
github.com/atlasgurus/rulestone/engine/engine_impl.go:954.2,955.57 2 1
github.com/atlasgurus/rulestone/engine/engine_impl.go:955.57,957.3 1 0
github.com/atlasgurus/rulestone/engine/engine_impl.go:959.2,959.58 1 1
github.com/atlasgurus/rulestone/engine/engine_impl.go:959.58,961.3 1 0
github.com/atlasgurus/rulestone/engine/engine_impl.go:963.2,964.60 2 1
github.com/atlasgurus/rulestone/engine/engine_impl.go:964.60,966.3 1 0
github.com/atlasgurus/rulestone/engine/engine_impl.go:968.2,968.61 1 1
github.com/atlasgurus/rulestone/engine/engine_impl.go:968.61,970.3 1 0
github.com/atlasgurus/rulestone/engine/engine_impl.go:976.2,978.16 3 1
github.com/atlasgurus/rulestone/engine/engine_impl.go:978.16,980.3 1 0
github.com/atlasgurus/rulestone/engine/engine_impl.go:981.2,982.51 2 1
github.com/atlasgurus/rulestone/engine/engine_impl.go:985.106,987.16 2 1
github.com/atlasgurus/rulestone/engine/engine_impl.go:987.16,989.3 1 0
github.com/atlasgurus/rulestone/engine/engine_impl.go:990.2,993.19 1 1
github.com/atlasgurus/rulestone/engine/engine_impl.go:996.107,998.16 2 1
github.com/atlasgurus/rulestone/engine/engine_impl.go:998.16,1000.3 1 0
github.com/atlasgurus/rulestone/engine/engine_impl.go:1001.2,1004.19 1 1
github.com/atlasgurus/rulestone/engine/engine_impl.go:1007.98,1009.16 2 1
github.com/atlasgurus/rulestone/engine/engine_impl.go:1009.16,1011.3 1 0
github.com/atlasgurus/rulestone/engine/engine_impl.go:1012.2,1016.9 1 1
github.com/atlasgurus/rulestone/engine/engine_impl.go:1019.97,1021.16 2 1
github.com/atlasgurus/rulestone/engine/engine_impl.go:1021.16,1023.3 1 0
github.com/atlasgurus/rulestone/engine/engine_impl.go:1024.2,1028.9 1 1
github.com/atlasgurus/rulestone/engine/engine_impl.go:1031.104,1033.28 2 1
github.com/atlasgurus/rulestone/engine/engine_impl.go:1033.28,1034.29 1 0
github.com/atlasgurus/rulestone/engine/engine_impl.go:1037.2,1040.21 3 1
github.com/atlasgurus/rulestone/engine/engine_impl.go:1040.21,1042.3 1 0
github.com/atlasgurus/rulestone/engine/engine_impl.go:1044.2,1045.38 1 1
github.com/atlasgurus/rulestone/engine/engine_impl.go:1045.38,1045.75 1 1
github.com/atlasgurus/rulestone/engine/engine_impl.go:1046.2,1047.47 1 1
github.com/atlasgurus/rulestone/engine/engine_impl.go:1047.47,1047.99 1 1
github.com/atlasgurus/rulestone/engine/engine_impl.go:1048.2,1048.30 1 1
github.com/atlasgurus/rulestone/engine/engine_impl.go:1048.30,1050.3 1 0
github.com/atlasgurus/rulestone/engine/engine_impl.go:1052.2,1052.85 1 1
github.com/atlasgurus/rulestone/engine/engine_impl.go:1052.85,1052.107 1 1
github.com/atlasgurus/rulestone/engine/engine_impl.go:1053.2,1053.46 1 1
github.com/atlasgurus/rulestone/engine/engine_impl.go:1053.46,1056.3 1 0
github.com/atlasgurus/rulestone/engine/engine_impl.go:1057.2,1058.36 1 1
github.com/atlasgurus/rulestone/engine/engine_impl.go:1058.36,1060.4 1 1
github.com/atlasgurus/rulestone/engine/engine_impl.go:1061.2,1061.52 1 1
github.com/atlasgurus/rulestone/engine/engine_impl.go:1061.52,1064.3 1 0
github.com/atlasgurus/rulestone/engine/engine_impl.go:1066.2,1068.65 2 1
github.com/atlasgurus/rulestone/engine/engine_impl.go:1068.65,1070.3 1 0
github.com/atlasgurus/rulestone/engine/engine_impl.go:1071.2,1073.60 2 1
github.com/atlasgurus/rulestone/engine/engine_impl.go:1076.128,1078.12 2 1
github.com/atlasgurus/rulestone/engine/engine_impl.go:1078.12,1080.15 2 1
github.com/atlasgurus/rulestone/engine/engine_impl.go:1081.18,1083.17 2 1
github.com/atlasgurus/rulestone/engine/engine_impl.go:1084.18,1085.49 1 0
github.com/atlasgurus/rulestone/engine/engine_impl.go:1086.18,1087.46 1 0
github.com/atlasgurus/rulestone/engine/engine_impl.go:1088.18,1089.40 1 1
github.com/atlasgurus/rulestone/engine/engine_impl.go:1090.18,1091.42 1 0
github.com/atlasgurus/rulestone/engine/engine_impl.go:1092.18,1093.39 1 0
github.com/atlasgurus/rulestone/engine/engine_impl.go:1094.11,1096.64 1 0
github.com/atlasgurus/rulestone/engine/engine_impl.go:1098.8,1099.15 1 1
github.com/atlasgurus/rulestone/engine/engine_impl.go:1100.18,1101.40 1 1
github.com/atlasgurus/rulestone/engine/engine_impl.go:1102.18,1103.39 1 1
github.com/atlasgurus/rulestone/engine/engine_impl.go:1104.18,1105.42 1 1
github.com/atlasgurus/rulestone/engine/engine_impl.go:1106.18,1108.40 2 1
github.com/atlasgurus/rulestone/engine/engine_impl.go:1109.18,1110.46 1 0
github.com/atlasgurus/rulestone/engine/engine_impl.go:1111.18,1112.49 1 1
github.com/atlasgurus/rulestone/engine/engine_impl.go:1113.11,1115.64 1 0
github.com/atlasgurus/rulestone/engine/engine_impl.go:1119.2,1120.28 2 1
github.com/atlasgurus/rulestone/engine/engine_impl.go:1120.28,1121.29 1 0
github.com/atlasgurus/rulestone/engine/engine_impl.go:1124.2,1128.54 4 1
github.com/atlasgurus/rulestone/engine/engine_impl.go:1128.54,1130.3 1 0
github.com/atlasgurus/rulestone/engine/engine_impl.go:1132.2,1133.54 2 1
github.com/atlasgurus/rulestone/engine/engine_impl.go:1133.54,1135.3 1 0
github.com/atlasgurus/rulestone/engine/engine_impl.go:1137.2,1137.12 1 1
github.com/atlasgurus/rulestone/engine/engine_impl.go:1137.12,1139.3 1 1
github.com/atlasgurus/rulestone/engine/engine_impl.go:1139.8,1141.3 1 1
github.com/atlasgurus/rulestone/engine/engine_impl.go:1144.132,1145.30 1 1
github.com/atlasgurus/rulestone/engine/engine_impl.go:1145.30,1146.42 1 0
github.com/atlasgurus/rulestone/engine/engine_impl.go:1150.2,1152.16 2 1
github.com/atlasgurus/rulestone/engine/engine_impl.go:1152.16,1154.3 1 0
github.com/atlasgurus/rulestone/engine/engine_impl.go:1159.2,1159.49 1 1
github.com/atlasgurus/rulestone/engine/engine_impl.go:1163.102,1164.26 1 1
github.com/atlasgurus/rulestone/engine/engine_impl.go:1165.21,1166.17 1 1
github.com/atlasgurus/rulestone/engine/engine_impl.go:1167.31,1169.18 2 1
github.com/atlasgurus/rulestone/engine/engine_impl.go:1169.18,1171.5 1 0
github.com/atlasgurus/rulestone/engine/engine_impl.go:1172.4,1172.48 1 1
github.com/atlasgurus/rulestone/engine/engine_impl.go:1173.21,1175.18 2 1
github.com/atlasgurus/rulestone/engine/engine_impl.go:1175.18,1177.5 1 0
github.com/atlasgurus/rulestone/engine/engine_impl.go:1178.4,1178.57 1 1
github.com/atlasgurus/rulestone/engine/engine_impl.go:1180.18,1181.53 1 1
github.com/atlasgurus/rulestone/engine/engine_impl.go:1182.25,1185.22 2 1
github.com/atlasgurus/rulestone/engine/engine_impl.go:1186.35,1187.12 1 0
github.com/atlasgurus/rulestone/engine/engine_impl.go:1188.33,1191.55 1 1
github.com/atlasgurus/rulestone/engine/engine_impl.go:1192.65,1193.56 1 1
github.com/atlasgurus/rulestone/engine/engine_impl.go:1194.11,1195.32 1 0
github.com/atlasgurus/rulestone/engine/engine_impl.go:1197.22,1201.48 3 1
github.com/atlasgurus/rulestone/engine/engine_impl.go:1201.48,1203.4 1 0
github.com/atlasgurus/rulestone/engine/engine_impl.go:1205.3,1205.22 1 1
github.com/atlasgurus/rulestone/engine/engine_impl.go:1206.35,1207.12 1 0
github.com/atlasgurus/rulestone/engine/engine_impl.go:1208.33,1212.50 1 1
github.com/atlasgurus/rulestone/engine/engine_impl.go:1213.35,1214.87 1 0
github.com/atlasgurus/rulestone/engine/engine_impl.go:1215.11,1216.32 1 0
github.com/atlasgurus/rulestone/engine/engine_impl.go:1218.22,1219.38 1 1
github.com/atlasgurus/rulestone/engine/engine_impl.go:1220.21,1222.19 2 1
github.com/atlasgurus/rulestone/engine/engine_impl.go:1223.15,1224.66 1 1
github.com/atlasgurus/rulestone/engine/engine_impl.go:1225.17,1226.68 1 0
github.com/atlasgurus/rulestone/engine/engine_impl.go:1227.14,1228.65 1 0
github.com/atlasgurus/rulestone/engine/engine_impl.go:1229.16,1230.67 1 0
github.com/atlasgurus/rulestone/engine/engine_impl.go:1231.22,1232.42 1 0
github.com/atlasgurus/rulestone/engine/engine_impl.go:1233.19,1234.39 1 0
github.com/atlasgurus/rulestone/engine/engine_impl.go:1235.31,1236.51 1 0
github.com/atlasgurus/rulestone/engine/engine_impl.go:1237.23,1238.42 1 0
github.com/atlasgurus/rulestone/engine/engine_impl.go:1239.17,1240.36 1 1
github.com/atlasgurus/rulestone/engine/engine_impl.go:1241.18,1242.37 1 1
github.com/atlasgurus/rulestone/engine/engine_impl.go:1243.15,1245.58 2 0
github.com/atlasgurus/rulestone/engine/engine_impl.go:1245.58,1247.5 1 0
github.com/atlasgurus/rulestone/engine/engine_impl.go:1248.4,1249.87 1 0
github.com/atlasgurus/rulestone/engine/engine_impl.go:1249.87,1251.53 2 0
github.com/atlasgurus/rulestone/engine/engine_impl.go:1251.53,1253.7 1 0
github.com/atlasgurus/rulestone/engine/engine_impl.go:1254.6,1255.88 2 0
github.com/atlasgurus/rulestone/engine/engine_impl.go:1257.11,1258.86 1 0
github.com/atlasgurus/rulestone/engine/engine_impl.go:1260.23,1262.55 2 1
github.com/atlasgurus/rulestone/engine/engine_impl.go:1262.55,1264.4 1 0
github.com/atlasgurus/rulestone/engine/engine_impl.go:1265.3,1266.55 2 1
github.com/atlasgurus/rulestone/engine/engine_impl.go:1266.55,1268.4 1 0
github.com/atlasgurus/rulestone/engine/engine_impl.go:1270.3,1270.15 1 1
github.com/atlasgurus/rulestone/engine/engine_impl.go:1271.51,1273.87 1 1
github.com/atlasgurus/rulestone/engine/engine_impl.go:1273.87,1275.54 2 1
github.com/atlasgurus/rulestone/engine/engine_impl.go:1275.54,1277.7 1 1
github.com/atlasgurus/rulestone/engine/engine_impl.go:1278.6,1281.54 3 1
github.com/atlasgurus/rulestone/engine/engine_impl.go:1281.54,1283.7 1 1
github.com/atlasgurus/rulestone/engine/engine_impl.go:1284.6,1286.18 2 1
github.com/atlasgurus/rulestone/engine/engine_impl.go:1287.21,1288.48 1 1
github.com/atlasgurus/rulestone/engine/engine_impl.go:1289.21,1290.48 1 1
github.com/atlasgurus/rulestone/engine/engine_impl.go:1291.21,1292.48 1 1
github.com/atlasgurus/rulestone/engine/engine_impl.go:1293.21,1294.48 1 1
github.com/atlasgurus/rulestone/engine/engine_impl.go:1295.14,1296.94 1 0
github.com/atlasgurus/rulestone/engine/engine_impl.go:1299.18,1300.87 1 1
github.com/atlasgurus/rulestone/engine/engine_impl.go:1301.18,1302.86 1 1
github.com/atlasgurus/rulestone/engine/engine_impl.go:1303.18,1304.89 1 1
github.com/atlasgurus/rulestone/engine/engine_impl.go:1305.18,1306.90 1 1
github.com/atlasgurus/rulestone/engine/engine_impl.go:1307.18,1308.93 1 0
github.com/atlasgurus/rulestone/engine/engine_impl.go:1309.18,1310.96 1 1
github.com/atlasgurus/rulestone/engine/engine_impl.go:1311.19,1312.67 1 1
github.com/atlasgurus/rulestone/engine/engine_impl.go:1313.18,1314.66 1 1
github.com/atlasgurus/rulestone/engine/engine_impl.go:1315.11,1316.91 1 0
github.com/atlasgurus/rulestone/engine/engine_impl.go:1318.22,1319.15 1 1
github.com/atlasgurus/rulestone/engine/engine_impl.go:1320.18,1322.56 2 1
github.com/atlasgurus/rulestone/engine/engine_impl.go:1322.56,1324.5 1 0
github.com/atlasgurus/rulestone/engine/engine_impl.go:1325.4,1326.78 1 1
github.com/atlasgurus/rulestone/engine/engine_impl.go:1327.11,1329.64 1 0
github.com/atlasgurus/rulestone/engine/engine_impl.go:1333.2,1333.88 1 0
github.com/atlasgurus/rulestone/engine/engine_impl.go:1336.135,1337.22 1 1
github.com/atlasgurus/rulestone/engine/engine_impl.go:1337.22,1339.3 1 0
github.com/atlasgurus/rulestone/engine/engine_impl.go:1340.2,1341.56 2 1
github.com/atlasgurus/rulestone/engine/engine_impl.go:1341.56,1343.3 1 0
github.com/atlasgurus/rulestone/engine/engine_impl.go:1344.2,1344.26 1 1
github.com/atlasgurus/rulestone/engine/engine_impl.go:1344.26,1346.3 1 1
github.com/atlasgurus/rulestone/engine/engine_impl.go:1347.2,1348.85 1 1
github.com/atlasgurus/rulestone/engine/engine_impl.go:1348.85,1350.51 2 1
github.com/atlasgurus/rulestone/engine/engine_impl.go:1350.51,1352.5 1 0
github.com/atlasgurus/rulestone/engine/engine_impl.go:1353.4,1353.35 1 1
github.com/atlasgurus/rulestone/engine/engine_impl.go:1357.110,1358.21 1 1
github.com/atlasgurus/rulestone/engine/engine_impl.go:1358.21,1360.3 1 0
github.com/atlasgurus/rulestone/engine/engine_impl.go:1362.2,1362.24 1 1
github.com/atlasgurus/rulestone/engine/engine_impl.go:1362.24,1364.3 1 0
github.com/atlasgurus/rulestone/engine/engine_impl.go:1366.2,1366.75 1 1
github.com/atlasgurus/rulestone/engine/engine_impl.go:1366.75,1366.112 1 1
github.com/atlasgurus/rulestone/engine/engine_impl.go:1367.2,1368.47 1 1
github.com/atlasgurus/rulestone/engine/engine_impl.go:1368.47,1368.99 1 1
github.com/atlasgurus/rulestone/engine/engine_impl.go:1369.2,1369.30 1 1
github.com/atlasgurus/rulestone/engine/engine_impl.go:1369.30,1371.3 1 0
github.com/atlasgurus/rulestone/engine/engine_impl.go:1373.2,1373.85 1 1
github.com/atlasgurus/rulestone/engine/engine_impl.go:1373.85,1373.107 1 1
github.com/atlasgurus/rulestone/engine/engine_impl.go:1375.2,1375.46 1 1
github.com/atlasgurus/rulestone/engine/engine_impl.go:1375.46,1378.3 1 0
github.com/atlasgurus/rulestone/engine/engine_impl.go:1380.2,1380.96 1 1
github.com/atlasgurus/rulestone/engine/engine_impl.go:1383.98,1384.22 1 1
github.com/atlasgurus/rulestone/engine/engine_impl.go:1384.22,1386.3 1 0
github.com/atlasgurus/rulestone/engine/engine_impl.go:1390.2,1391.56 2 1
github.com/atlasgurus/rulestone/engine/engine_impl.go:1391.56,1393.3 1 0
github.com/atlasgurus/rulestone/engine/engine_impl.go:1395.2,1395.26 1 1
github.com/atlasgurus/rulestone/engine/engine_impl.go:1395.26,1398.3 1 0
github.com/atlasgurus/rulestone/engine/engine_impl.go:1400.2,1400.58 1 1
github.com/atlasgurus/rulestone/engine/engine_impl.go:1400.58,1402.3 1 0
github.com/atlasgurus/rulestone/engine/engine_impl.go:1406.2,1408.85 2 1
github.com/atlasgurus/rulestone/engine/engine_impl.go:1408.85,1411.42 3 1
github.com/atlasgurus/rulestone/engine/engine_impl.go:1411.42,1413.5 1 0
github.com/atlasgurus/rulestone/engine/engine_impl.go:1414.4,1414.73 1 1
github.com/atlasgurus/rulestone/engine/engine_impl.go:1418.101,1419.22 1 1
github.com/atlasgurus/rulestone/engine/engine_impl.go:1419.22,1421.3 1 0
github.com/atlasgurus/rulestone/engine/engine_impl.go:1422.2,1424.60 2 1
github.com/atlasgurus/rulestone/engine/engine_impl.go:1424.60,1426.3 1 0
github.com/atlasgurus/rulestone/engine/engine_impl.go:1428.2,1428.31 1 1
github.com/atlasgurus/rulestone/engine/engine_impl.go:1428.31,1431.3 1 0
github.com/atlasgurus/rulestone/engine/engine_impl.go:1433.2,1433.61 1 1
github.com/atlasgurus/rulestone/engine/engine_impl.go:1433.61,1436.3 1 0
github.com/atlasgurus/rulestone/engine/engine_impl.go:1438.2,1440.16 3 1
github.com/atlasgurus/rulestone/engine/engine_impl.go:1440.16,1443.3 1 0
github.com/atlasgurus/rulestone/engine/engine_impl.go:1445.2,1446.56 2 1
github.com/atlasgurus/rulestone/engine/engine_impl.go:1446.56,1448.3 1 0
github.com/atlasgurus/rulestone/engine/engine_impl.go:1450.2,1451.85 1 1
github.com/atlasgurus/rulestone/engine/engine_impl.go:1451.85,1454.42 3 1
github.com/atlasgurus/rulestone/engine/engine_impl.go:1454.42,1456.5 1 0
github.com/atlasgurus/rulestone/engine/engine_impl.go:1457.4,1459.17 3 1
github.com/atlasgurus/rulestone/engine/engine_impl.go:1463.103,1464.21 1 0
github.com/atlasgurus/rulestone/engine/engine_impl.go:1464.21,1466.3 1 0
github.com/atlasgurus/rulestone/engine/engine_impl.go:1468.2,1468.75 1 0
github.com/atlasgurus/rulestone/engine/engine_impl.go:1468.75,1468.112 1 0
github.com/atlasgurus/rulestone/engine/engine_impl.go:1469.2,1470.47 1 0
github.com/atlasgurus/rulestone/engine/engine_impl.go:1470.47,1470.99 1 0
github.com/atlasgurus/rulestone/engine/engine_impl.go:1471.2,1471.30 1 0
github.com/atlasgurus/rulestone/engine/engine_impl.go:1471.30,1473.3 1 0
github.com/atlasgurus/rulestone/engine/engine_impl.go:1475.2,1475.85 1 0
github.com/atlasgurus/rulestone/engine/engine_impl.go:1475.85,1475.107 1 0
github.com/atlasgurus/rulestone/engine/engine_impl.go:1478.2,1478.30 1 0
github.com/atlasgurus/rulestone/engine/engine_impl.go:1478.30,1479.44 1 0
github.com/atlasgurus/rulestone/engine/engine_impl.go:1479.44,1480.41 1 0
github.com/atlasgurus/rulestone/engine/engine_impl.go:1480.41,1482.5 1 0
github.com/atlasgurus/rulestone/engine/engine_impl.go:1484.3,1484.47 1 0
github.com/atlasgurus/rulestone/engine/engine_impl.go:1484.47,1487.4 1 0
github.com/atlasgurus/rulestone/engine/engine_impl.go:1491.2,1493.85 2 0
github.com/atlasgurus/rulestone/engine/engine_impl.go:1493.85,1496.42 3 0
github.com/atlasgurus/rulestone/engine/engine_impl.go:1496.42,1498.5 1 0
github.com/atlasgurus/rulestone/engine/engine_impl.go:1499.4,1499.73 1 0
github.com/atlasgurus/rulestone/engine/engine_impl.go:1503.80,1505.68 1 1
github.com/atlasgurus/rulestone/engine/engine_impl.go:1505.68,1506.58 1 1
github.com/atlasgurus/rulestone/engine/engine_impl.go:1506.58,1508.4 1 1
github.com/atlasgurus/rulestone/engine/engine_impl.go:1510.2,1510.12 1 0
github.com/atlasgurus/rulestone/engine/engine_impl.go:1518.81,1523.29 3 1
github.com/atlasgurus/rulestone/engine/engine_impl.go:1523.29,1525.3 1 1
github.com/atlasgurus/rulestone/engine/engine_impl.go:1525.8,1527.3 1 1
github.com/atlasgurus/rulestone/engine/engine_impl.go:1530.111,1533.16 3 1
github.com/atlasgurus/rulestone/engine/engine_impl.go:1533.16,1535.3 1 0
github.com/atlasgurus/rulestone/engine/engine_impl.go:1539.2,1543.76 1 1
github.com/atlasgurus/rulestone/engine/engine_impl.go:1546.96,1548.2 1 1
github.com/atlasgurus/rulestone/engine/engine_impl.go:1550.114,1551.23 1 1
github.com/atlasgurus/rulestone/engine/engine_impl.go:1551.23,1554.3 1 1
github.com/atlasgurus/rulestone/engine/engine_impl.go:1556.2,1556.58 1 1
github.com/atlasgurus/rulestone/engine/engine_impl.go:1556.58,1558.3 1 1
github.com/atlasgurus/rulestone/engine/engine_impl.go:1561.2,1564.85 2 1
github.com/atlasgurus/rulestone/engine/engine_impl.go:1564.85,1566.55 2 1
github.com/atlasgurus/rulestone/engine/engine_impl.go:1566.55,1568.5 1 1
github.com/atlasgurus/rulestone/engine/engine_impl.go:1569.4,1571.18 2 1
github.com/atlasgurus/rulestone/engine/engine_impl.go:1571.18,1573.5 1 1
github.com/atlasgurus/rulestone/engine/engine_impl.go:1574.4,1574.34 1 1
github.com/atlasgurus/rulestone/engine/engine_impl.go:1578.115,1579.29 1 1
github.com/atlasgurus/rulestone/engine/engine_impl.go:1580.35,1582.17 2 0
github.com/atlasgurus/rulestone/engine/engine_impl.go:1582.17,1584.4 1 0
github.com/atlasgurus/rulestone/engine/engine_impl.go:1584.9,1590.4 1 0
github.com/atlasgurus/rulestone/engine/engine_impl.go:1591.29,1592.20 1 1
github.com/atlasgurus/rulestone/engine/engine_impl.go:1592.20,1595.18 3 1
github.com/atlasgurus/rulestone/engine/engine_impl.go:1595.18,1597.5 1 0
github.com/atlasgurus/rulestone/engine/engine_impl.go:1598.4,1598.124 1 1
github.com/atlasgurus/rulestone/engine/engine_impl.go:1601.3,1602.51 2 1
github.com/atlasgurus/rulestone/engine/engine_impl.go:1602.51,1604.4 1 0
github.com/atlasgurus/rulestone/engine/engine_impl.go:1605.3,1605.27 1 1
github.com/atlasgurus/rulestone/engine/engine_impl.go:1606.34,1609.18 3 1
github.com/atlasgurus/rulestone/engine/engine_impl.go:1609.18,1611.5 1 0
github.com/atlasgurus/rulestone/engine/engine_impl.go:1612.4,1614.28 3 1
github.com/atlasgurus/rulestone/engine/engine_impl.go:1614.28,1617.5 1 1
github.com/atlasgurus/rulestone/engine/engine_impl.go:1617.10,1624.89 1 1
github.com/atlasgurus/rulestone/engine/engine_impl.go:1624.89,1626.37 2 1
github.com/atlasgurus/rulestone/engine/engine_impl.go:1627.40,1628.27 1 1
github.com/atlasgurus/rulestone/engine/engine_impl.go:1629.42,1632.92 3 1
github.com/atlasgurus/rulestone/engine/engine_impl.go:1634.8,1634.36 1 0
github.com/atlasgurus/rulestone/engine/engine_impl.go:1639.11,1640.32 1 0
github.com/atlasgurus/rulestone/engine/engine_impl.go:1642.31,1643.20 1 1
github.com/atlasgurus/rulestone/engine/engine_impl.go:1643.20,1645.18 2 0
github.com/atlasgurus/rulestone/engine/engine_impl.go:1645.18,1647.5 1 0
github.com/atlasgurus/rulestone/engine/engine_impl.go:1648.4,1649.60 2 0
github.com/atlasgurus/rulestone/engine/engine_impl.go:1649.60,1651.5 1 0
github.com/atlasgurus/rulestone/engine/engine_impl.go:1652.4,1652.30 1 0
github.com/atlasgurus/rulestone/engine/engine_impl.go:1652.30,1654.51 2 0
github.com/atlasgurus/rulestone/engine/engine_impl.go:1654.51,1656.6 1 0
github.com/atlasgurus/rulestone/engine/engine_impl.go:1657.5,1658.72 2 0
github.com/atlasgurus/rulestone/engine/engine_impl.go:1659.10,1667.89 2 0
github.com/atlasgurus/rulestone/engine/engine_impl.go:1667.89,1669.54 2 0
github.com/atlasgurus/rulestone/engine/engine_impl.go:1669.54,1671.9 1 0
github.com/atlasgurus/rulestone/engine/engine_impl.go:1672.8,1673.68 2 0
github.com/atlasgurus/rulestone/engine/engine_impl.go:1676.9,1678.59 2 1
github.com/atlasgurus/rulestone/engine/engine_impl.go:1678.59,1680.5 1 0
github.com/atlasgurus/rulestone/engine/engine_impl.go:1681.4,1682.60 2 1
github.com/atlasgurus/rulestone/engine/engine_impl.go:1682.60,1684.5 1 0
github.com/atlasgurus/rulestone/engine/engine_impl.go:1685.4,1685.92 1 1
github.com/atlasgurus/rulestone/engine/engine_impl.go:1685.92,1687.51 2 1
github.com/atlasgurus/rulestone/engine/engine_impl.go:1687.51,1689.6 1 0
github.com/atlasgurus/rulestone/engine/engine_impl.go:1690.5,1692.129 3 1
github.com/atlasgurus/rulestone/engine/engine_impl.go:1693.10,1702.120 4 1
github.com/atlasgurus/rulestone/engine/engine_impl.go:1702.120,1704.53 2 1
github.com/atlasgurus/rulestone/engine/engine_impl.go:1704.53,1706.8 1 0
github.com/atlasgurus/rulestone/engine/engine_impl.go:1707.7,1708.53 2 1
github.com/atlasgurus/rulestone/engine/engine_impl.go:1708.53,1710.8 1 1
github.com/atlasgurus/rulestone/engine/engine_impl.go:1711.7,1716.88 5 1
github.com/atlasgurus/rulestone/engine/engine_impl.go:1720.10,1721.17 1 1
github.com/atlasgurus/rulestone/engine/lookups.go:8.56,14.27 4 0
github.com/atlasgurus/rulestone/engine/lookups.go:14.27,16.3 1 0
github.com/atlasgurus/rulestone/engine/lookups.go:18.2,18.24 1 0
github.com/atlasgurus/rulestone/engine/lookups.go:28.40,30.2 1 1
github.com/atlasgurus/rulestone/engine/lookups.go:32.81,33.44 1 1
github.com/atlasgurus/rulestone/engine/lookups.go:33.44,37.3 3 1
github.com/atlasgurus/rulestone/engine/lookups.go:37.8,39.3 1 0
github.com/atlasgurus/rulestone/engine/lookups.go:42.34,43.23 1 1
github.com/atlasgurus/rulestone/engine/lookups.go:43.23,44.39 1 0
github.com/atlasgurus/rulestone/engine/lookups.go:46.2,46.56 1 1
github.com/atlasgurus/rulestone/engine/lookups.go:49.65,50.23 1 1
github.com/atlasgurus/rulestone/engine/lookups.go:50.23,51.35 1 0
github.com/atlasgurus/rulestone/engine/lookups.go:53.2,56.27 3 1
github.com/atlasgurus/rulestone/engine/lookups.go:56.27,58.3 1 1
github.com/atlasgurus/rulestone/engine/lookups.go:60.2,60.26 1 1
github.com/atlasgurus/rulestone/immutable/set.go:23.30,25.2 1 1
github.com/atlasgurus/rulestone/immutable/set.go:27.34,29.2 1 1
github.com/atlasgurus/rulestone/immutable/set.go:31.49,33.16 2 1
github.com/atlasgurus/rulestone/immutable/set.go:33.16,36.3 1 1
github.com/atlasgurus/rulestone/immutable/set.go:36.8,38.3 1 1
github.com/atlasgurus/rulestone/immutable/set.go:41.33,43.2 1 1
github.com/atlasgurus/rulestone/immutable/set.go:45.40,47.25 2 1
github.com/atlasgurus/rulestone/immutable/set.go:47.25,49.3 1 1
github.com/atlasgurus/rulestone/immutable/set.go:50.2,51.26 2 1
github.com/atlasgurus/rulestone/immutable/set.go:51.26,53.3 1 1
github.com/atlasgurus/rulestone/immutable/set.go:54.2,54.29 1 1
github.com/atlasgurus/rulestone/immutable/set.go:57.45,59.25 2 0
github.com/atlasgurus/rulestone/immutable/set.go:59.25,61.3 1 0
github.com/atlasgurus/rulestone/immutable/set.go:62.2,63.26 2 0
github.com/atlasgurus/rulestone/immutable/set.go:63.26,65.3 1 0
github.com/atlasgurus/rulestone/immutable/set.go:66.2,66.29 1 0
github.com/atlasgurus/rulestone/immutable/set.go:69.43,71.25 2 0
github.com/atlasgurus/rulestone/immutable/set.go:71.25,72.28 1 0
github.com/atlasgurus/rulestone/immutable/set.go:72.28,74.4 1 0
github.com/atlasgurus/rulestone/immutable/set.go:76.2,76.15 1 0
github.com/atlasgurus/rulestone/immutable/set.go:79.38,81.2 1 1
github.com/atlasgurus/rulestone/immutable/set.go:83.28,85.2 1 1
github.com/atlasgurus/rulestone/immutable/set.go:87.31,89.25 2 1
github.com/atlasgurus/rulestone/immutable/set.go:89.25,91.3 1 1
github.com/atlasgurus/rulestone/immutable/set.go:92.2,92.15 1 1
github.com/atlasgurus/rulestone/immutable/set.go:96.42,98.44 2 1
github.com/atlasgurus/rulestone/immutable/set.go:98.44,98.66 1 1
github.com/atlasgurus/rulestone/immutable/set.go:100.2,100.21 1 1
github.com/atlasgurus/rulestone/immutable/set.go:100.21,102.3 1 1
github.com/atlasgurus/rulestone/immutable/set.go:104.2,104.38 1 1
github.com/atlasgurus/rulestone/immutable/set.go:107.61,110.21 2 1
github.com/atlasgurus/rulestone/immutable/set.go:110.21,112.3 1 1
github.com/atlasgurus/rulestone/immutable/set.go:114.2,114.38 1 1
github.com/atlasgurus/rulestone/immutable/set.go:117.44,118.45 1 1
github.com/atlasgurus/rulestone/immutable/set.go:118.45,118.67 1 1
github.com/atlasgurus/rulestone/immutable/set.go:121.32,124.16 3 0
github.com/atlasgurus/rulestone/immutable/set.go:124.16,125.39 1 0
github.com/atlasgurus/rulestone/immutable/set.go:127.2,127.40 1 0
github.com/atlasgurus/rulestone/immutable/set.go:130.34,133.16 3 1
github.com/atlasgurus/rulestone/immutable/set.go:133.16,134.39 1 0
github.com/atlasgurus/rulestone/immutable/set.go:136.2,137.43 2 1
github.com/atlasgurus/rulestone/immutable/set.go:140.28,141.14 1 1
github.com/atlasgurus/rulestone/immutable/set.go:141.14,143.3 1 0
github.com/atlasgurus/rulestone/immutable/set.go:143.8,145.3 1 1
github.com/atlasgurus/rulestone/immutable/set.go:148.39,151.22 2 1
github.com/atlasgurus/rulestone/immutable/set.go:151.22,153.3 1 1
github.com/atlasgurus/rulestone/immutable/set.go:154.2,154.15 1 1
github.com/atlasgurus/rulestone/immutable/set.go:157.35,159.2 1 1
github.com/atlasgurus/rulestone/immutable/set.go:161.38,165.2 3 0
github.com/atlasgurus/rulestone/immutable/set.go:167.40,172.2 4 1
github.com/atlasgurus/rulestone/immutable/set.go:174.34,175.14 1 1
github.com/atlasgurus/rulestone/immutable/set.go:175.14,177.3 1 0
github.com/atlasgurus/rulestone/immutable/set.go:177.8,179.3 1 1
github.com/atlasgurus/rulestone/objectmap/object_attribute_map.go:42.75,47.27 3 1
github.com/atlasgurus/rulestone/objectmap/object_attribute_map.go:47.27,51.4 1 1
github.com/atlasgurus/rulestone/objectmap/object_attribute_map.go:53.2,53.16 1 1
github.com/atlasgurus/rulestone/objectmap/object_attribute_map.go:67.124,68.20 1 1
github.com/atlasgurus/rulestone/objectmap/object_attribute_map.go:69.16,70.79 1 0
github.com/atlasgurus/rulestone/objectmap/object_attribute_map.go:71.10,72.14 1 1
github.com/atlasgurus/rulestone/objectmap/object_attribute_map.go:72.14,76.4 1 1
github.com/atlasgurus/rulestone/objectmap/object_attribute_map.go:76.9,78.4 1 1
github.com/atlasgurus/rulestone/objectmap/object_attribute_map.go:79.10,80.14 1 1
github.com/atlasgurus/rulestone/objectmap/object_attribute_map.go:80.14,82.18 2 1
github.com/atlasgurus/rulestone/objectmap/object_attribute_map.go:82.18,84.5 1 0
github.com/atlasgurus/rulestone/objectmap/object_attribute_map.go:84.10,84.24 1 1
github.com/atlasgurus/rulestone/objectmap/object_attribute_map.go:84.24,86.5 1 0
github.com/atlasgurus/rulestone/objectmap/object_attribute_map.go:86.10,88.5 1 1
github.com/atlasgurus/rulestone/objectmap/object_attribute_map.go:89.9,91.4 1 0
github.com/atlasgurus/rulestone/objectmap/object_attribute_map.go:95.89,96.16 1 1
github.com/atlasgurus/rulestone/objectmap/object_attribute_map.go:96.16,98.3 1 0
github.com/atlasgurus/rulestone/objectmap/object_attribute_map.go:99.2,103.24 4 1
github.com/atlasgurus/rulestone/objectmap/object_attribute_map.go:103.24,105.25 2 1
github.com/atlasgurus/rulestone/objectmap/object_attribute_map.go:105.25,107.4 1 1
github.com/atlasgurus/rulestone/objectmap/object_attribute_map.go:110.2,110.37 1 1
github.com/atlasgurus/rulestone/objectmap/object_attribute_map.go:110.37,114.35 4 1
github.com/atlasgurus/rulestone/objectmap/object_attribute_map.go:114.35,116.4 1 1
github.com/atlasgurus/rulestone/objectmap/object_attribute_map.go:117.3,117.14 1 1
github.com/atlasgurus/rulestone/objectmap/object_attribute_map.go:117.14,120.4 2 1
github.com/atlasgurus/rulestone/objectmap/object_attribute_map.go:125.3,125.51 1 1
github.com/atlasgurus/rulestone/objectmap/object_attribute_map.go:125.51,127.18 2 1
github.com/atlasgurus/rulestone/objectmap/object_attribute_map.go:127.18,129.5 1 0
github.com/atlasgurus/rulestone/objectmap/object_attribute_map.go:130.4,130.36 1 1
github.com/atlasgurus/rulestone/objectmap/object_attribute_map.go:133.2,133.20 1 1
github.com/atlasgurus/rulestone/objectmap/object_attribute_map.go:136.87,138.16 2 1
github.com/atlasgurus/rulestone/objectmap/object_attribute_map.go:138.16,140.3 1 0
github.com/atlasgurus/rulestone/objectmap/object_attribute_map.go:141.2,141.67 1 1
github.com/atlasgurus/rulestone/objectmap/object_attribute_map.go:199.90,202.16 3 1
github.com/atlasgurus/rulestone/objectmap/object_attribute_map.go:202.16,204.3 1 0
github.com/atlasgurus/rulestone/objectmap/object_attribute_map.go:206.2,207.29 2 1
github.com/atlasgurus/rulestone/objectmap/object_attribute_map.go:207.29,210.40 3 1
github.com/atlasgurus/rulestone/objectmap/object_attribute_map.go:210.40,217.40 3 1
github.com/atlasgurus/rulestone/objectmap/object_attribute_map.go:217.40,218.42 1 1
github.com/atlasgurus/rulestone/objectmap/object_attribute_map.go:218.42,219.35 1 0
github.com/atlasgurus/rulestone/objectmap/object_attribute_map.go:221.11,225.51 2 1
github.com/atlasgurus/rulestone/objectmap/object_attribute_map.go:225.51,227.7 1 1
github.com/atlasgurus/rulestone/objectmap/object_attribute_map.go:231.4,232.35 2 1
github.com/atlasgurus/rulestone/objectmap/object_attribute_map.go:232.35,234.5 1 1
github.com/atlasgurus/rulestone/objectmap/object_attribute_map.go:234.10,236.5 1 1
github.com/atlasgurus/rulestone/objectmap/object_attribute_map.go:238.4,239.29 2 1
github.com/atlasgurus/rulestone/objectmap/object_attribute_map.go:239.29,241.5 1 1
github.com/atlasgurus/rulestone/objectmap/object_attribute_map.go:241.10,243.5 1 1
github.com/atlasgurus/rulestone/objectmap/object_attribute_map.go:244.4,244.21 1 1
github.com/atlasgurus/rulestone/objectmap/object_attribute_map.go:244.21,256.5 4 1
github.com/atlasgurus/rulestone/objectmap/object_attribute_map.go:256.10,266.5 4 1
github.com/atlasgurus/rulestone/objectmap/object_attribute_map.go:269.3,273.19 3 1
github.com/atlasgurus/rulestone/objectmap/object_attribute_map.go:273.19,275.26 1 1
github.com/atlasgurus/rulestone/objectmap/object_attribute_map.go:275.26,277.5 1 1
github.com/atlasgurus/rulestone/objectmap/object_attribute_map.go:277.10,277.34 1 0
github.com/atlasgurus/rulestone/objectmap/object_attribute_map.go:277.34,279.5 1 0
github.com/atlasgurus/rulestone/objectmap/object_attribute_map.go:279.10,279.34 1 0
github.com/atlasgurus/rulestone/objectmap/object_attribute_map.go:279.34,281.5 1 0
github.com/atlasgurus/rulestone/objectmap/object_attribute_map.go:284.2,284.20 1 1
github.com/atlasgurus/rulestone/objectmap/object_attribute_map.go:287.92,289.39 2 1
github.com/atlasgurus/rulestone/objectmap/object_attribute_map.go:289.39,291.3 1 1
github.com/atlasgurus/rulestone/objectmap/object_attribute_map.go:292.2,292.15 1 1
github.com/atlasgurus/rulestone/objectmap/object_attribute_map.go:295.75,298.39 3 1
github.com/atlasgurus/rulestone/objectmap/object_attribute_map.go:298.39,300.19 2 1
github.com/atlasgurus/rulestone/objectmap/object_attribute_map.go:300.19,302.4 1 1
github.com/atlasgurus/rulestone/objectmap/object_attribute_map.go:302.9,304.4 1 1
github.com/atlasgurus/rulestone/objectmap/object_attribute_map.go:305.3,305.25 1 1
github.com/atlasgurus/rulestone/objectmap/object_attribute_map.go:305.25,307.4 1 1
github.com/atlasgurus/rulestone/objectmap/object_attribute_map.go:308.3,308.23 1 1
github.com/atlasgurus/rulestone/objectmap/object_attribute_map.go:310.2,310.15 1 1
github.com/atlasgurus/rulestone/objectmap/object_attribute_map.go:313.77,314.30 1 1
github.com/atlasgurus/rulestone/objectmap/object_attribute_map.go:314.30,320.3 5 1
github.com/atlasgurus/rulestone/objectmap/object_attribute_map.go:320.8,322.3 1 1
github.com/atlasgurus/rulestone/objectmap/object_attribute_map.go:325.55,330.2 4 1
github.com/atlasgurus/rulestone/objectmap/object_attribute_map.go:332.44,334.39 2 1
github.com/atlasgurus/rulestone/objectmap/object_attribute_map.go:334.39,335.12 1 1
github.com/atlasgurus/rulestone/objectmap/object_attribute_map.go:335.12,337.4 1 1
github.com/atlasgurus/rulestone/objectmap/object_attribute_map.go:337.9,339.4 1 1
github.com/atlasgurus/rulestone/objectmap/object_attribute_map.go:341.2,341.15 1 1
github.com/atlasgurus/rulestone/objectmap/object_attribute_map.go:345.48,346.32 1 1
github.com/atlasgurus/rulestone/objectmap/object_attribute_map.go:346.32,347.25 1 1
github.com/atlasgurus/rulestone/objectmap/object_attribute_map.go:348.22,349.13 1 1
github.com/atlasgurus/rulestone/objectmap/object_attribute_map.go:349.13,350.31 1 0
github.com/atlasgurus/rulestone/objectmap/object_attribute_map.go:352.4,352.19 1 1
github.com/atlasgurus/rulestone/objectmap/object_attribute_map.go:352.19,354.5 1 1
github.com/atlasgurus/rulestone/objectmap/object_attribute_map.go:354.10,357.5 1 1
github.com/atlasgurus/rulestone/objectmap/object_attribute_map.go:358.31,359.30 1 0
github.com/atlasgurus/rulestone/objectmap/object_attribute_map.go:360.11,363.14 1 0
github.com/atlasgurus/rulestone/objectmap/object_attribute_map.go:366.2,366.10 1 1
github.com/atlasgurus/rulestone/objectmap/object_attribute_map.go:369.117,371.19 2 1
github.com/atlasgurus/rulestone/objectmap/object_attribute_map.go:371.19,374.3 1 1
github.com/atlasgurus/rulestone/objectmap/object_attribute_map.go:374.8,376.3 1 1
github.com/atlasgurus/rulestone/objectmap/object_attribute_map.go:379.82,382.56 3 1
github.com/atlasgurus/rulestone/objectmap/object_attribute_map.go:382.56,384.3 1 0
github.com/atlasgurus/rulestone/objectmap/object_attribute_map.go:384.8,386.57 2 1
github.com/atlasgurus/rulestone/objectmap/object_attribute_map.go:386.57,388.4 1 1
github.com/atlasgurus/rulestone/objectmap/object_attribute_map.go:393.2,396.12 2 1
github.com/atlasgurus/rulestone/objectmap/object_attribute_map.go:399.52,402.40 1 1
github.com/atlasgurus/rulestone/objectmap/object_attribute_map.go:402.40,404.3 1 1
github.com/atlasgurus/rulestone/objectmap/object_attribute_map.go:406.2,406.25 1 1
github.com/atlasgurus/rulestone/objectmap/object_attribute_map.go:411.121,413.14 2 1
github.com/atlasgurus/rulestone/objectmap/object_attribute_map.go:414.19,416.9 2 1
github.com/atlasgurus/rulestone/objectmap/object_attribute_map.go:416.9,417.37 1 1
github.com/atlasgurus/rulestone/objectmap/object_attribute_map.go:417.37,418.41 1 0
github.com/atlasgurus/rulestone/objectmap/object_attribute_map.go:419.10,421.19 1 1
github.com/atlasgurus/rulestone/objectmap/object_attribute_map.go:421.19,423.6 1 1
github.com/atlasgurus/rulestone/objectmap/object_attribute_map.go:424.5,424.56 1 1
github.com/atlasgurus/rulestone/objectmap/object_attribute_map.go:424.56,426.6 1 1
github.com/atlasgurus/rulestone/objectmap/object_attribute_map.go:429.21,431.9 2 1
github.com/atlasgurus/rulestone/objectmap/object_attribute_map.go:431.9,433.43 2 1
github.com/atlasgurus/rulestone/objectmap/object_attribute_map.go:433.43,437.23 4 1
github.com/atlasgurus/rulestone/objectmap/object_attribute_map.go:437.23,439.6 1 1
github.com/atlasgurus/rulestone/objectmap/object_attribute_map.go:439.11,441.6 1 1
github.com/atlasgurus/rulestone/objectmap/object_attribute_map.go:442.5,442.86 1 1
github.com/atlasgurus/rulestone/objectmap/object_attribute_map.go:444.4,444.28 1 1
github.com/atlasgurus/rulestone/objectmap/object_attribute_map.go:446.98,448.39 2 1
github.com/atlasgurus/rulestone/objectmap/object_attribute_map.go:448.39,452.4 3 1
github.com/atlasgurus/rulestone/objectmap/object_attribute_map.go:453.10,454.31 1 0
github.com/atlasgurus/rulestone/objectmap/object_attribute_map.go:458.109,463.2 4 1
github.com/atlasgurus/rulestone/objectmap/object_attribute_map.go:465.122,467.16 2 1
github.com/atlasgurus/rulestone/objectmap/object_attribute_map.go:467.16,469.3 1 1
github.com/atlasgurus/rulestone/objectmap/object_attribute_map.go:469.8,471.28 2 1
github.com/atlasgurus/rulestone/objectmap/object_attribute_map.go:471.28,473.4 1 1
github.com/atlasgurus/rulestone/objectmap/object_attribute_map.go:473.9,477.4 1 0
github.com/atlasgurus/rulestone/types/types.go:19.36,21.2 1 1
github.com/atlasgurus/rulestone/types/types.go:23.61,25.2 1 1
github.com/atlasgurus/rulestone/types/types.go:29.38,31.2 1 1
github.com/atlasgurus/rulestone/types/types.go:33.63,35.2 1 1
github.com/atlasgurus/rulestone/types/types.go:37.48,39.2 1 1
github.com/atlasgurus/rulestone/types/types.go:41.64,43.2 1 1
github.com/atlasgurus/rulestone/types/types.go:45.32,47.85 2 1
github.com/atlasgurus/rulestone/types/types.go:47.85,49.3 1 1
github.com/atlasgurus/rulestone/types/types.go:50.2,50.15 1 1
github.com/atlasgurus/rulestone/types/types.go:53.57,55.2 1 1
github.com/atlasgurus/rulestone/types/types.go:57.45,59.103 1 0
github.com/atlasgurus/rulestone/types/types.go:59.103,61.4 1 0
github.com/atlasgurus/rulestone/types/types.go:64.55,65.89 1 0
github.com/atlasgurus/rulestone/types/types.go:65.89,67.3 1 0
github.com/atlasgurus/rulestone/types/types.go:70.53,72.2 1 0
github.com/atlasgurus/rulestone/types/types.go:74.45,76.2 1 0
github.com/atlasgurus/rulestone/types/types.go:78.65,80.2 1 0
github.com/atlasgurus/rulestone/types/types.go:82.86,84.22 2 0
github.com/atlasgurus/rulestone/types/types.go:84.22,86.3 1 0
github.com/atlasgurus/rulestone/types/types.go:87.2,87.56 1 0
github.com/atlasgurus/rulestone/types/types.go:90.70,92.2 1 1
github.com/atlasgurus/rulestone/types/types.go:94.59,95.45 1 1
github.com/atlasgurus/rulestone/types/types.go:95.45,95.67 1 1
github.com/atlasgurus/rulestone/types/types.go:98.69,99.48 1 1
github.com/atlasgurus/rulestone/types/types.go:99.48,99.70 1 1
github.com/atlasgurus/rulestone/types/types.go:104.61,106.22 2 1
github.com/atlasgurus/rulestone/types/types.go:106.22,108.3 1 1
github.com/atlasgurus/rulestone/types/types.go:109.2,109.12 1 1
github.com/atlasgurus/rulestone/types/types.go:112.52,114.22 2 1
github.com/atlasgurus/rulestone/types/types.go:114.22,115.11 1 1
github.com/atlasgurus/rulestone/types/types.go:115.11,117.4 1 1
github.com/atlasgurus/rulestone/types/types.go:119.2,119.10 1 1
github.com/atlasgurus/rulestone/types/types.go:122.56,123.22 1 1
github.com/atlasgurus/rulestone/types/types.go:123.22,124.11 1 1
github.com/atlasgurus/rulestone/types/types.go:124.11,126.4 1 0
github.com/atlasgurus/rulestone/types/types.go:128.2,128.12 1 1
github.com/atlasgurus/rulestone/types/types.go:131.53,133.22 2 1
github.com/atlasgurus/rulestone/types/types.go:133.22,135.3 1 1
github.com/atlasgurus/rulestone/types/types.go:136.2,136.10 1 1
github.com/atlasgurus/rulestone/types/types.go:139.53,141.22 2 0
github.com/atlasgurus/rulestone/types/types.go:141.22,143.3 1 0
github.com/atlasgurus/rulestone/types/types.go:144.2,144.15 1 0
github.com/atlasgurus/rulestone/types/types.go:155.50,158.2 2 1
github.com/atlasgurus/rulestone/types/types.go:160.51,164.2 3 0
github.com/atlasgurus/rulestone/types/types.go:166.45,168.2 1 1
github.com/atlasgurus/rulestone/types/types.go:170.62,173.2 2 1
github.com/atlasgurus/rulestone/types/types.go:175.39,176.36 1 0
github.com/atlasgurus/rulestone/types/types.go:176.36,178.3 1 0
github.com/atlasgurus/rulestone/types/types.go:181.38,183.2 1 0
github.com/atlasgurus/rulestone/types/types.go:185.40,187.2 1 1
github.com/atlasgurus/rulestone/types/types.go:189.50,191.2 1 0
github.com/atlasgurus/rulestone/types/types.go:193.34,195.2 1 1
github.com/atlasgurus/rulestone/types/types.go:200.26,202.3 1 1
github.com/atlasgurus/rulestone/types/types.go:205.26,207.2 1 1
github.com/atlasgurus/rulestone/types/types.go:209.27,211.2 1 1
github.com/atlasgurus/rulestone/utils/test_utilities.go:18.57,20.2 1 0
github.com/atlasgurus/rulestone/utils/test_utilities.go:22.47,24.48 2 0
github.com/atlasgurus/rulestone/utils/test_utilities.go:24.48,26.3 1 0
github.com/atlasgurus/rulestone/utils/test_utilities.go:27.2,27.15 1 0
github.com/atlasgurus/rulestone/utils/test_utilities.go:30.50,31.41 1 1
github.com/atlasgurus/rulestone/utils/test_utilities.go:31.41,33.3 1 0
github.com/atlasgurus/rulestone/utils/test_utilities.go:33.8,38.36 5 1
github.com/atlasgurus/rulestone/utils/test_utilities.go:39.15,41.50 2 1
github.com/atlasgurus/rulestone/utils/test_utilities.go:41.50,43.5 1 0
github.com/atlasgurus/rulestone/utils/test_utilities.go:43.10,45.5 1 1
github.com/atlasgurus/rulestone/utils/test_utilities.go:46.22,48.50 2 1
github.com/atlasgurus/rulestone/utils/test_utilities.go:48.50,50.5 1 0
github.com/atlasgurus/rulestone/utils/test_utilities.go:50.10,52.5 1 1
github.com/atlasgurus/rulestone/utils/test_utilities.go:53.11,54.64 1 0
github.com/atlasgurus/rulestone/utils/test_utilities.go:59.70,61.16 2 0
github.com/atlasgurus/rulestone/utils/test_utilities.go:61.16,63.3 1 0
github.com/atlasgurus/rulestone/utils/test_utilities.go:64.2,67.21 3 0
github.com/atlasgurus/rulestone/utils/test_utilities.go:67.21,72.17 4 0
github.com/atlasgurus/rulestone/utils/test_utilities.go:72.17,74.4 1 0
github.com/atlasgurus/rulestone/utils/test_utilities.go:77.3,78.17 2 0
github.com/atlasgurus/rulestone/utils/test_utilities.go:78.17,80.4 1 0
github.com/atlasgurus/rulestone/utils/test_utilities.go:83.2,83.38 1 0
github.com/atlasgurus/rulestone/utils/test_utilities.go:83.38,85.3 1 0
github.com/atlasgurus/rulestone/utils/test_utilities.go:87.2,87.12 1 0
